0.03, 4925582
0.03, 4745359
0.03, 4726589
0.03, 4724130
0.03, 4702086
0.03, 4524235
0.03, 4521863
0.03, 4344012
0.04, 4337955
0.04, 4335496
0.04, 4323079
0.04, 4145228
0.08, 4040580
0.2, 3968249
0.23, 3903952
0.24, 3869175
0.24, 3769465
0.47, 3713351
0.78, 3691548
1.34, 3673549
1.86, 3615096
2.31, 3600634
2.34, 3560384
6.24, 3531118
11.28, 3512070
26.65, 3507323
26.77, 3467074
37.03, 3444796
213.92, 3439393
267.73, 3415786
337.68, 3370416
347.42, 3368529
350.79, 3303069
351.45, 3262820
501.02, 3212345
