0.0, 1307259
0.05, 1245432
0.07, 1168713
0.09, 1134863
0.17, 1106429
0.19, 1083530
0.23, 1064953
0.27, 1057573
0.3, 1050409
0.33, 1039108
0.35, 1036908
0.38, 1036697
0.44, 1025803
0.46, 1023989
0.48, 1023558
0.51, 1023347
0.98, 1018202
1.01, 1017103
1.03, 1016893
3.05, 1002764
3.08, 1001438
3.11, 1001228
10.07, 1000438
10.09, 999128
10.12, 998426
10.15, 997875
10.18, 997411
10.42, 992614
10.46, 992195
10.48, 991985
10.51, 991804
13.03, 983246
13.06, 981045
16.31, 980395
16.34, 979844
16.35, 979380
16.37, 978961
