0.4, 2405365
0.42, 2376655
0.45, 2374442
0.52, 2357875
0.53, 2356395
0.76, 2342713
1.01, 2338075
2.75, 2326624
20.99, 2326382
37.21, 2325419
45.85, 2320913
46.58, 2319846
46.58, 2316292
46.58, 2314153
46.8, 2307669
46.8, 2306820
75.97, 2306494
75.97, 2304356
78.7, 2298259
78.7, 2297410
78.71, 2296875
78.71, 2296026
89.75, 2294346
102.04, 2294235
102.07, 2285391
102.09, 2283588
102.11, 2280752
102.15, 2268583
102.37, 2258684
104.59, 2257419
110.42, 2256748
110.43, 2250544
110.47, 2237528
110.79, 2237086
111.78, 2224862
111.78, 2222723
114.53, 2222081
114.6, 2219100
115.05, 2214939
115.66, 2212567
115.77, 2212097
115.77, 2211249
115.77, 2206682
115.77, 2204544
115.77, 2201191
115.77, 2200342
116.23, 2198891
116.23, 2198042
116.23, 2195462
116.23, 2191908
116.23, 2189770
