0.0, 1346009
0.3, 1344786
0.3, 1344032
0.36, 1340224
0.36, 1338417
0.36, 1328814
0.36, 1318646
0.36, 1313603
0.36, 1304111
0.36, 1290639
0.36, 1286981
0.37, 1264048
0.37, 1261184
0.43, 1253845
0.43, 1253085
0.43, 1252354
0.44, 1232388
0.44, 1220813
0.44, 1214776
0.46, 1195946
0.46, 1187648
0.51, 1187220
0.54, 1185285
0.55, 1178791
0.56, 1178110
0.56, 1166365
0.56, 1160109
0.56, 1141616
0.56, 1140288
0.56, 1129783
0.56, 1127670
0.58, 1121044
0.59, 1092547
0.59, 1086173
0.59, 1074964
0.62, 1054186
0.62, 1051746
0.62, 1051434
0.62, 1050652
0.62, 1049277
0.63, 1033833
0.63, 1033623
0.63, 1029522
0.64, 1025471
0.65, 1008620
0.65, 1002838
0.65, 996543
0.66, 974664
0.66, 972967
