0.0, 1443680
0.09, 1423939
0.1, 1423233
0.1, 1387778
0.16, 1375302
0.16, 1368091
0.16, 1360748
0.16, 1329066
0.16, 1324524
0.18, 1322776
0.2, 1321987
0.2, 1314295
0.2, 1291178
0.2, 1290618
0.21, 1273256
0.42, 1268815
0.53, 1266625
0.58, 1263870
0.58, 1253814
0.58, 1253261
0.58, 1251080
0.58, 1250308
0.59, 1248771
0.59, 1236315
0.66, 1227526
0.66, 1216625
0.66, 1184935
0.67, 1181204
0.67, 1179702
0.67, 1174808
0.67, 1155832
0.67, 1151408
0.67, 1143344
0.67, 1132710
0.67, 1127744
0.72, 1126924
0.72, 1126712
0.72, 1122991
0.81, 1120083
0.82, 1118326
0.86, 1110159
0.86, 1109594
0.92, 1108542
0.93, 1100404
0.95, 1097156
0.99, 1094969
1.01, 1092571
