0.0, 78385
0.2, 78203
0.24, 77846
0.25, 77587
0.26, 77344
0.26, 77281
0.26, 77097
0.27, 76847
0.28, 76769
0.28, 76439
0.28, 76046
0.29, 75999
0.3, 74406
0.34, 74329
0.34, 74252
0.34, 73527
0.38, 73476
0.38, 72970
0.39, 72602
0.42, 72570
0.45, 72446
0.47, 71945
0.47, 71877
0.5, 71793
0.52, 71136
0.56, 70845
0.66, 70797
0.67, 70738
0.78, 70736
0.79, 70734
0.8, 70078
0.84, 69803
0.88, 68493
0.89, 68252
0.89, 68134
0.89, 68130
1.04, 68075
1.04, 67899
1.05, 67837
1.05, 67418
1.05, 67383
1.06, 67238
1.08, 67031
1.18, 66959
1.26, 66776
1.26, 66672
