0.0, 181263
1.07, 181204
1.07, 179974
1.07, 179759
1.07, 178498
1.07, 178081
1.07, 174703
1.07, 174021
1.07, 172745
1.07, 170193
1.1, 169511
1.1, 167847
1.11, 167264
1.11, 167179
1.12, 165429
1.12, 165280
1.12, 165157
1.12, 164545
1.12, 164156
1.13, 164017
1.13, 162038
1.16, 161066
1.16, 158357
1.16, 156401
1.16, 155537
1.17, 154538
1.17, 153956
1.2, 153126
1.2, 152555
1.2, 152550
1.22, 152252
1.22, 152232
1.22, 151949
1.24, 150623
1.25, 149698
1.25, 149499
1.27, 149394
1.32, 147557
1.32, 147424
1.34, 147307
1.37, 146608
1.38, 143825
1.42, 143514
1.42, 142541
1.42, 141725
1.46, 141568
1.46, 140811
1.47, 140406
1.47, 139594
1.53, 139215
1.54, 138398
1.54, 138265
1.69, 138236
1.77, 137863
2.01, 137827
2.56, 137747
2.87, 137552
