0.0, 191329
0.34, 190973
0.34, 190093
0.35, 189903
0.35, 188948
0.35, 188504
0.35, 185724
0.37, 184327
0.38, 184110
0.39, 183957
0.39, 183826
0.39, 179429
0.39, 175332
0.42, 172785
0.42, 172586
0.42, 172478
0.43, 171948
0.43, 171658
0.43, 170953
0.43, 169927
0.43, 169919
0.43, 169039
0.43, 168717
0.44, 168035
0.47, 167322
0.48, 166522
0.48, 164906
0.48, 162812
0.5, 162528
0.54, 161723
0.54, 161607
0.54, 161595
0.55, 161470
0.55, 161248
0.58, 161229
0.61, 161177
0.61, 160701
0.62, 160167
0.62, 159937
0.63, 159639
0.65, 158930
0.68, 158802
0.69, 158431
0.71, 157843
0.73, 157606
0.73, 157575
0.76, 157569
0.76, 157263
0.8, 157182
0.81, 156981
0.83, 156949
0.86, 156850
0.88, 156688
0.89, 156613
0.89, 155909
0.89, 154485
0.91, 153979
0.92, 152530
0.92, 151904
0.92, 151790
0.94, 151237
0.98, 150798
0.99, 150455
0.99, 150425
0.99, 150177
1.0, 148568
1.04, 148311
1.24, 147646
1.39, 146648
1.49, 146545
1.52, 146311
1.55, 146168
1.63, 145021
1.64, 144684
1.66, 144394
1.68, 144106
1.76, 143137
2.07, 143103
2.51, 142970
3.37, 142570
4.42, 141639
