0.0, 197954
0.52, 197508
0.56, 197191
0.59, 196416
0.62, 196121
0.62, 196054
0.63, 195727
0.64, 195405
0.66, 195276
0.66, 194635
0.69, 192534
0.72, 192342
0.76, 192308
0.79, 192116
0.81, 192016
0.81, 191762
0.84, 189904
0.85, 189379
0.86, 187794
0.88, 187781
0.88, 186291
0.88, 186251
0.88, 185757
0.88, 185501
0.94, 185017
0.96, 184360
0.96, 184245
0.98, 184142
1.02, 183610
1.02, 183535
1.02, 183229
1.04, 182435
1.04, 182130
1.05, 181753
1.05, 181531
1.08, 180970
1.08, 180393
1.09, 179366
1.11, 178341
1.12, 177681
1.12, 177111
1.15, 176544
1.15, 176510
1.15, 175133
1.23, 173401
1.25, 172996
1.26, 172860
1.27, 172203
1.3, 171160
1.31, 170538
1.32, 170278
1.33, 169913
1.42, 169849
1.42, 169112
1.44, 169001
1.47, 168927
1.5, 168441
1.53, 168440
1.57, 168230
1.59, 168126
1.61, 167542
1.62, 165434
1.63, 159236
1.63, 159113
1.63, 153494
1.64, 153446
1.65, 153387
1.67, 152558
1.68, 151988
1.68, 149625
1.76, 148153
1.77, 147794
1.87, 147469
2.32, 147176
