6.84, 600928
6.84, 599222
6.84, 599027
6.84, 596285
6.84, 593522
6.84, 592199
6.86, 591448
6.86, 589328
6.9, 588904
6.9, 588886
6.96, 588090
6.96, 588072
7.05, 587711
7.08, 587639
7.11, 585531
7.22, 584780
7.24, 582732
14.44, 582180
15.35, 582022
15.35, 581947
15.36, 578785
15.36, 576517
15.36, 574700
15.39, 573949
15.4, 571829
15.48, 571548
15.5, 571530
15.59, 570591
15.6, 570573
15.78, 570212
15.83, 570139
15.89, 568032
16.04, 567281
16.07, 565233
21.16, 563969
54.5, 563418
99.18, 561309
99.94, 560046
104.73, 559383
112.88, 559321
131.42, 558342
137.12, 557114
138.05, 556925
138.41, 556730
154.75, 555850
160.88, 555661
162.95, 555466
294.83, 553602
295.78, 553413
296.18, 553218
311.66, 553084
554.13, 552187
