0.02, 182945
0.4, 178371
0.41, 176955
0.41, 176632
0.41, 175936
0.41, 174650
0.41, 173564
0.45, 173471
0.46, 173330
0.47, 171102
0.47, 170559
0.47, 169134
0.48, 167587
0.48, 166932
0.48, 166559
0.5, 166014
0.5, 165957
0.5, 165145
0.52, 164736
0.54, 163540
0.56, 162227
0.57, 161970
0.57, 160680
0.57, 160021
0.58, 159757
0.58, 158962
0.58, 158150
0.61, 157074
0.63, 156849
0.64, 156690
0.7, 156359
0.73, 156335
0.94, 156190
0.95, 155693
0.97, 155659
0.99, 155484
1.11, 155284
1.14, 155211
1.2, 155094
1.28, 154630
1.32, 153551
1.33, 152848
1.33, 152349
1.44, 152275
1.45, 151371
1.46, 151143
1.49, 150525
1.51, 150313
1.61, 150248
1.61, 149804
1.65, 149668
1.71, 149202
1.75, 149019
2.13, 148006
2.17, 147243
2.25, 146551
2.34, 146439
2.35, 146396
2.55, 145749
2.76, 145610
3.03, 145362
3.08, 145037
3.14, 144228
3.14, 142917
3.16, 141586
3.18, 140704
3.23, 136525
3.24, 135980
3.26, 135832
3.28, 135394
3.33, 134949
3.51, 133477
3.51, 133247
3.99, 133150
