0.01, 188245
0.26, 188218
0.27, 188216
0.27, 187654
0.28, 186818
0.3, 185784
0.3, 185776
0.31, 185649
0.31, 185254
0.31, 184037
0.32, 183510
0.32, 182640
0.33, 181962
0.33, 181710
0.34, 181098
0.34, 180849
0.35, 179101
0.35, 177211
0.35, 175598
0.36, 174640
0.37, 174582
0.43, 174543
0.43, 174190
0.43, 173948
0.43, 172959
0.43, 172533
0.45, 171958
0.45, 171776
0.46, 171724
0.48, 171168
0.5, 170787
0.5, 170741
0.53, 169285
0.53, 168312
0.53, 167161
0.54, 165741
0.54, 164657
0.55, 163031
0.58, 162890
0.58, 161989
0.59, 161683
0.59, 161601
0.61, 161504
0.68, 161490
0.74, 160913
0.74, 160826
0.75, 160758
0.75, 160186
0.78, 159604
0.78, 158481
0.85, 157115
0.93, 155013
0.97, 154946
1.08, 154088
1.11, 154022
1.15, 154013
1.15, 153991
1.23, 153117
1.23, 152614
1.23, 152547
1.23, 151959
1.27, 151480
1.28, 150739
1.3, 150731
1.43, 150467
1.49, 150408
1.55, 149397
1.63, 148370
1.65, 148343
1.66, 148078
1.67, 147940
1.68, 147857
1.79, 146046
1.8, 145816
