0.0, 197837
0.07, 197284
0.07, 191418
0.07, 191289
0.07, 188832
0.07, 188283
0.07, 188229
0.08, 187277
0.08, 185157
0.1, 184993
0.11, 184696
0.12, 184371
0.12, 179606
0.12, 179446
0.12, 178565
0.12, 176998
0.16, 176589
0.16, 176585
0.19, 176267
0.19, 175538
0.19, 175369
0.19, 175171
0.19, 175036
0.27, 173194
0.27, 172385
0.28, 171007
0.28, 170853
0.29, 170736
0.29, 170484
0.3, 170124
0.3, 168172
0.31, 167857
0.31, 166642
0.32, 166207
0.32, 165452
0.33, 165390
0.35, 163047
0.35, 161493
0.36, 160771
0.36, 160715
0.36, 159163
0.36, 157965
0.36, 157763
0.36, 156486
0.36, 156439
0.39, 155659
0.4, 155533
0.4, 151393
0.46, 149626
0.46, 149580
0.47, 149227
0.48, 148718
0.49, 148431
0.49, 147843
0.5, 147006
0.53, 146603
0.55, 146513
0.55, 140401
0.56, 138483
0.57, 138218
0.57, 137331
0.57, 136221
0.57, 135644
0.58, 134788
0.59, 133138
0.62, 132955
0.62, 132865
0.62, 131197
0.62, 130970
0.64, 130786
0.65, 130653
0.67, 130636
0.67, 130250
0.68, 130220
0.69, 130216
0.69, 129832
0.7, 129624
0.71, 129597
0.73, 129155
0.74, 128529
0.74, 128468
0.78, 128111
0.79, 128086
0.8, 128009
0.81, 127347
0.89, 127149
0.95, 127031
0.99, 125532
1.02, 124220
1.1, 124050
1.14, 123306
1.15, 123040
1.16, 123029
1.28, 122703
1.3, 122346
1.36, 122122
1.47, 121033
1.48, 120923
1.82, 120751
2.48, 120710
