0.02, 187794
0.39, 185790
0.39, 184603
0.39, 184103
0.39, 183687
0.39, 183384
0.39, 183155
0.39, 183120
0.4, 182032
0.4, 181325
0.43, 179213
0.43, 178133
0.43, 178064
0.43, 177398
0.43, 176866
0.45, 176827
0.45, 176448
0.45, 175530
0.45, 174543
0.45, 174062
0.46, 173473
0.46, 172226
0.46, 171451
0.46, 171221
0.47, 171154
0.48, 168340
0.49, 167901
0.49, 167416
0.49, 167290
0.49, 167121
0.49, 166569
0.51, 166197
0.51, 165760
0.52, 165045
0.52, 164307
0.53, 164008
0.57, 163625
0.63, 162440
0.65, 162111
0.67, 160783
0.68, 160294
0.68, 159772
0.7, 159327
0.71, 158439
0.74, 158328
0.77, 158251
0.79, 156610
0.81, 155825
0.84, 155120
0.84, 155094
0.85, 154721
0.87, 154567
0.9, 154491
0.9, 154416
0.9, 153968
0.93, 153941
0.93, 153605
0.94, 153501
0.95, 152673
0.96, 152672
0.97, 149995
0.97, 149035
0.99, 147930
0.99, 147849
1.01, 147740
1.03, 146570
1.05, 145195
1.05, 144797
1.06, 144372
1.07, 143262
1.09, 141896
1.09, 140634
1.1, 139704
1.1, 139657
1.1, 139253
1.12, 138888
1.15, 138835
1.15, 138509
1.19, 138064
1.22, 137523
1.25, 137069
1.26, 136546
1.28, 135642
1.31, 135421
1.4, 134894
1.5, 134830
1.5, 134448
1.54, 134330
1.54, 134016
1.55, 133883
1.59, 133559
1.77, 133018
1.85, 132872
1.99, 131819
1.99, 131616
2.26, 131057
2.29, 130420
2.42, 130285
2.64, 130168
