0.01, 198282
0.63, 196813
0.63, 196647
0.64, 196442
0.65, 195700
0.65, 195340
0.65, 194867
0.65, 193853
0.68, 193303
0.68, 192792
0.68, 191187
0.68, 189099
0.69, 188860
0.7, 188440
0.7, 188236
0.7, 187215
0.71, 186364
0.71, 186296
0.71, 185220
0.73, 184816
0.73, 184020
0.73, 182824
0.75, 182502
0.76, 180940
0.76, 180675
0.77, 180539
0.8, 180454
0.81, 179373
0.83, 177289
0.84, 176452
0.84, 175231
0.84, 175004
0.84, 174258
0.85, 173348
0.87, 173255
0.87, 172911
0.87, 172624
0.87, 171997
0.88, 171206
0.9, 171120
0.93, 170797
0.95, 170731
0.96, 170573
0.96, 170472
0.96, 169965
0.99, 169309
1.01, 168965
1.02, 168820
1.07, 168476
1.07, 168461
1.1, 167997
1.13, 167847
1.15, 167789
1.18, 166190
1.19, 165271
1.19, 165258
1.23, 165210
1.23, 165037
1.23, 164513
1.24, 164398
1.27, 164306
1.3, 163800
1.3, 163722
1.41, 163695
1.45, 163380
1.46, 163349
1.48, 162922
1.48, 162463
1.48, 162354
1.5, 161998
1.52, 161674
1.53, 161262
1.53, 161082
1.53, 160317
1.54, 159403
1.54, 159173
1.55, 158335
1.58, 158222
1.58, 157501
1.59, 157475
1.59, 156653
1.59, 156634
1.63, 156248
1.66, 155221
1.67, 153591
1.67, 153234
1.73, 153183
1.73, 152794
1.77, 152747
1.79, 152555
1.93, 152433
2.0, 152309
2.05, 151091
2.35, 151058
2.36, 150763
2.45, 150721
2.55, 150387
2.69, 150210
2.84, 147746
3.5, 147653
3.53, 147622
3.63, 147572
