0.0, 178762
0.57, 177676
0.57, 177239
0.59, 176715
0.59, 176324
0.59, 175398
0.59, 173995
0.59, 173813
0.61, 171877
0.61, 171744
0.61, 171400
0.62, 171133
0.62, 170619
0.62, 170090
0.62, 168777
0.64, 168751
0.65, 168748
0.65, 168625
0.66, 168588
0.66, 167923
0.67, 164143
0.69, 164106
0.7, 163550
0.7, 162714
0.7, 162451
0.72, 162245
0.73, 162165
0.73, 161948
0.74, 161842
0.77, 160205
0.8, 160143
0.8, 159283
0.82, 159191
0.86, 159168
0.87, 158361
0.9, 158230
0.9, 158131
0.92, 157356
0.92, 157124
1.01, 156891
1.1, 156555
1.11, 156534
1.14, 156324
1.17, 155406
1.19, 154929
1.32, 154882
1.58, 154818
1.67, 154713
1.7, 154472
1.78, 154463
1.83, 154460
1.83, 154414
1.84, 154000
1.84, 153822
1.92, 153706
2.17, 153643
