0.0, 2651310
0.18, 2646382
0.2, 2641902
0.2, 2629689
0.21, 2602669
0.21, 2581382
0.22, 2579094
0.22, 2571795
0.22, 2567914
0.22, 2566389
0.22, 2560798
0.22, 2550210
0.22, 2549408
0.22, 2549313
0.24, 2549106
0.24, 2535935
0.24, 2534759
0.24, 2529447
0.24, 2529293
0.28, 2515797
0.28, 2515242
0.29, 2473870
0.3, 2471736
0.31, 2469780
0.32, 2469479
0.32, 2458164
0.33, 2457878
0.34, 2456588
0.34, 2456216
0.34, 2452000
0.35, 2449534
0.35, 2445601
0.37, 2428927
0.37, 2426524
0.37, 2426376
0.38, 2424836
0.38, 2423917
0.39, 2417909
0.39, 2417214
0.41, 2415655
0.41, 2415246
0.42, 2414761
0.43, 2410484
0.44, 2409878
0.52, 2405438
0.53, 2404773
0.53, 2380121
0.53, 2285876
0.54, 2277895
0.54, 2275599
0.54, 2275446
0.54, 2273960
0.55, 2272707
0.56, 2271053
0.59, 2268391
0.61, 2246014
0.62, 2234658
0.68, 2233996
0.68, 2233942
0.79, 2233811
0.8, 2224604
0.82, 2223453
0.84, 2214020
1.02, 2213817
1.06, 2211014
1.07, 2201188
1.1, 2198353
1.11, 2197984
1.26, 2197294
1.43, 2196503
1.46, 2195268
1.51, 2184327
1.57, 2183320
1.58, 2183039
1.59, 2181924
1.6, 2166178
1.65, 2163986
1.65, 2159537
