0.01, 2820315
0.27, 2788927
0.27, 2769858
0.27, 2759156
0.27, 2750283
0.28, 2739493
0.28, 2721111
0.28, 2718479
0.28, 2716016
0.28, 2706934
0.28, 2705675
0.28, 2704702
0.28, 2687236
0.29, 2680594
0.29, 2679451
0.29, 2671488
0.29, 2661837
0.29, 2647659
0.3, 2634070
0.3, 2626677
0.31, 2619955
0.31, 2619015
0.31, 2614925
0.31, 2611565
0.32, 2607004
0.32, 2595117
0.32, 2591667
0.32, 2573686
0.32, 2569491
0.33, 2527296
0.33, 2517371
0.33, 2516379
0.33, 2513931
0.34, 2510908
0.34, 2509523
0.34, 2509056
0.34, 2498095
0.34, 2497661
0.34, 2495447
0.34, 2493986
0.35, 2492230
0.35, 2488292
0.35, 2486197
0.36, 2484970
0.36, 2482589
0.36, 2482129
0.37, 2478627
0.37, 2478438
0.37, 2469304
0.38, 2469175
0.39, 2468767
0.39, 2463443
0.39, 2463340
0.4, 2461538
0.4, 2460086
0.41, 2458310
0.42, 2447587
0.42, 2447087
0.43, 2446833
0.44, 2399598
0.45, 2382173
0.47, 2381767
0.48, 2358158
0.53, 2358129
0.53, 2357149
0.54, 2343568
0.55, 2343056
0.55, 2336235
0.56, 2335876
0.56, 2331973
0.56, 2320100
0.56, 2307446
0.64, 2300848
0.65, 2297929
