0.0, 2971938
0.15, 2964978
0.18, 2936694
0.2, 2909951
0.2, 2908211
0.2, 2890637
0.2, 2888426
0.2, 2878205
0.2, 2876825
0.2, 2872854
0.2, 2844314
0.2, 2841103
0.21, 2837635
0.21, 2833102
0.21, 2825551
0.21, 2806958
0.22, 2783430
0.23, 2780428
0.24, 2759747
0.24, 2733467
0.24, 2728134
0.24, 2720633
0.25, 2717807
0.25, 2708223
0.25, 2702303
0.26, 2679257
0.26, 2674339
0.27, 2671732
0.27, 2670423
0.27, 2639447
0.27, 2639101
0.27, 2631277
0.28, 2628437
0.28, 2627502
0.28, 2618439
0.28, 2542362
0.28, 2530138
0.29, 2526005
0.29, 2504825
0.29, 2440860
0.29, 2366534
0.3, 2365003
0.3, 2364626
0.3, 2355139
0.3, 2354357
0.31, 2349069
0.31, 2346454
0.31, 2334471
0.31, 2327185
0.31, 2320160
0.32, 2313079
0.32, 2312232
0.32, 2301508
0.32, 2297430
0.32, 2295246
0.33, 2294659
0.33, 2294645
0.33, 2289491
0.33, 2286916
0.33, 2239860
0.33, 2233723
0.33, 2231873
0.33, 2230549
0.34, 2219014
0.34, 2214978
0.34, 2203634
0.35, 2198877
0.37, 2189359
0.37, 2187234
0.37, 2184645
0.38, 2180640
0.38, 2175872
0.39, 2169351
0.4, 2164846
0.4, 2163629
0.41, 2163443
0.41, 2131226
0.42, 2127901
0.43, 2122795
0.43, 2112544
0.43, 2111499
0.45, 2111285
0.45, 2108882
0.49, 2104558
0.49, 2099330
0.5, 2096278
0.51, 2085544
0.51, 2077293
0.51, 2046236
0.52, 2039940
0.53, 2039216
0.54, 2036240
0.58, 2026275
0.6, 2015079
