0.0, 2742762
0.07, 2733825
0.07, 2712234
0.07, 2689277
0.08, 2676220
0.08, 2669143
0.08, 2667967
0.08, 2630112
0.08, 2622804
0.08, 2621444
0.09, 2604354
0.09, 2603750
0.09, 2602822
0.09, 2580164
0.1, 2573692
0.1, 2535487
0.1, 2518072
0.1, 2514257
0.1, 2507794
0.11, 2483392
0.11, 2479781
0.11, 2453500
0.11, 2442051
0.11, 2434108
0.11, 2381953
0.11, 2365122
0.11, 2354729
0.12, 2340859
0.12, 2329827
0.12, 2326325
0.12, 2323959
0.12, 2323505
0.12, 2317717
0.13, 2315538
0.13, 2312275
0.16, 2307667
0.16, 2306034
0.16, 2303170
0.16, 2303138
0.16, 2300971
0.17, 2292519
0.17, 2292128
0.17, 2270246
0.17, 2236955
0.18, 2231427
0.2, 2169718
0.21, 2162953
0.21, 2159991
0.21, 2144081
0.21, 2142488
0.22, 2130388
0.22, 2122143
0.23, 2118583
0.26, 2117274
0.27, 2109860
0.27, 2099136
0.28, 2099116
0.28, 2098359
0.28, 2087496
0.28, 2066136
0.29, 2056642
0.29, 2044226
0.3, 2043447
0.31, 2042151
0.32, 2041936
0.32, 2036704
0.32, 2032244
0.32, 2027676
0.34, 2026751
0.34, 2024954
0.35, 2024851
0.4, 2023619
0.52, 2022017
0.57, 2021783
