0.01, 2858277
0.18, 2800442
0.18, 2788217
0.18, 2787147
0.18, 2750432
0.18, 2742073
0.19, 2722179
0.19, 2715414
0.19, 2715308
0.19, 2700691
0.19, 2690604
0.19, 2688467
0.2, 2677707
0.2, 2664898
0.2, 2655302
0.21, 2575984
0.21, 2570199
0.21, 2567720
0.21, 2557538
0.22, 2551319
0.23, 2547798
0.24, 2547544
0.26, 2525459
0.26, 2516128
0.27, 2436511
0.27, 2431897
0.27, 2428386
0.28, 2417437
0.28, 2408169
0.28, 2395780
0.29, 2395436
0.29, 2394034
0.3, 2392147
0.3, 2390948
0.31, 2389993
0.31, 2372301
0.32, 2369136
0.32, 2367766
0.32, 2354181
0.32, 2353085
0.32, 2347806
0.33, 2342993
0.34, 2326230
0.34, 2302867
0.35, 2302494
0.36, 2300703
0.37, 2296772
0.38, 2265458
0.38, 2261457
0.38, 2259751
0.39, 2257896
0.39, 2257338
0.43, 2255337
0.45, 2254414
0.48, 2253732
0.52, 2251877
0.53, 2251788
0.55, 2248820
0.55, 2244467
0.56, 2244100
0.57, 2243005
0.57, 2238872
0.57, 2226422
0.58, 2224189
0.58, 2221131
0.58, 2182992
0.58, 2182662
0.61, 2175406
0.62, 2156534
0.64, 2148012
0.65, 2147009
0.65, 2145487
0.65, 2142315
0.66, 2140918
0.66, 2134475
0.66, 2132699
0.67, 2130276
0.68, 2129381
0.68, 2111692
0.68, 2101461
0.68, 2098294
0.69, 2087134
0.7, 2084701
0.7, 2082132
0.7, 2081943
0.7, 2081789
0.71, 2080848
0.71, 2070439
0.75, 2057052
0.75, 2045907
0.76, 2044420
0.76, 2041249
0.77, 2017927
0.79, 2017280
0.8, 2016933
0.81, 1986775
0.83, 1986573
1.01, 1983872
