0.0, 2858277
0.08, 2795293
0.22, 2562238
0.28, 2371421
0.33, 2275542
0.38, 2165380
0.43, 2112955
0.49, 2071911
0.54, 2031233
0.69, 1951933
0.74, 1930103
0.8, 1912497
0.85, 1875977
0.9, 1853611
0.96, 1837475
1.01, 1821625
1.06, 1810081
1.11, 1802925
1.16, 1801008
4.32, 1800902
345.06, 1797133
345.11, 1795216
345.17, 1793984
347.04, 1791196
347.09, 1786397
347.15, 1785748
419.46, 1785723
419.51, 1785634
423.56, 1785239
423.61, 1784818
428.64, 1784081
428.69, 1783440
428.74, 1783351
431.79, 1783278
549.5, 1782186
549.55, 1780369
549.61, 1779506
549.66, 1778722
549.71, 1776593
