0.0, 2789684
0.14, 2774141
0.15, 2773106
0.15, 2759680
0.16, 2721522
0.16, 2687702
0.16, 2668956
0.16, 2656964
0.17, 2651142
0.17, 2647140
0.18, 2642492
0.18, 2627936
0.19, 2615594
0.19, 2609512
0.2, 2588615
0.2, 2582013
0.2, 2580149
0.2, 2574094
0.2, 2567729
0.2, 2562279
0.2, 2542497
0.2, 2541809
0.21, 2525855
0.21, 2523260
0.21, 2513529
0.21, 2504534
0.22, 2495771
0.23, 2491264
0.23, 2415260
0.23, 2408226
0.24, 2402027
0.24, 2392095
0.25, 2391665
0.25, 2391262
0.26, 2390346
0.27, 2387013
0.27, 2384362
0.27, 2382380
0.28, 2381769
0.28, 2379796
0.28, 2373398
0.29, 2370755
0.29, 2369343
0.29, 2354627
0.29, 2350625
0.3, 2349944
0.3, 2337642
0.3, 2336187
0.3, 2329868
0.31, 2322013
0.31, 2319057
0.31, 2313835
0.31, 2312254
0.31, 2312041
0.32, 2311759
0.32, 2311476
0.32, 2301022
0.33, 2300574
0.33, 2300343
0.33, 2299448
0.33, 2297810
0.33, 2281009
0.34, 2264146
0.34, 2258388
0.34, 2253604
0.34, 2244328
0.34, 2241916
0.35, 2241819
0.35, 2222445
0.36, 2218652
0.36, 2211767
0.36, 2209693
0.37, 2209173
0.37, 2208800
0.37, 2204039
0.4, 2200785
0.4, 2199948
0.41, 2197694
0.41, 2194850
0.44, 2193897
0.45, 2193647
0.47, 2185799
0.48, 2180868
0.57, 2165732
0.57, 2164869
0.66, 2162701
0.67, 2162530
0.68, 2158622
0.69, 2156870
