0.0, 2723174
0.15, 2721769
0.16, 2679994
0.16, 2657567
0.17, 2655872
0.17, 2634059
0.17, 2626496
0.17, 2626266
0.17, 2613552
0.17, 2603750
0.17, 2602598
0.17, 2588817
0.17, 2588132
0.17, 2561165
0.18, 2559680
0.18, 2548381
0.18, 2496227
0.18, 2495055
0.19, 2492321
0.2, 2490198
0.21, 2460394
0.21, 2458095
0.21, 2450448
0.21, 2448344
0.23, 2444062
0.23, 2438581
0.23, 2435645
0.23, 2422393
0.23, 2410698
0.23, 2399975
0.23, 2397030
0.24, 2385121
0.25, 2372033
0.26, 2368827
0.26, 2367397
0.29, 2366651
0.29, 2316718
0.29, 2308512
0.3, 2300462
0.31, 2298969
0.33, 2298847
0.34, 2298156
0.34, 2291971
0.35, 2289409
0.36, 2288787
0.37, 2278641
0.41, 2278293
0.43, 2278044
0.48, 2272494
0.5, 2270467
0.5, 2268862
0.51, 2268781
0.53, 2268282
0.53, 2265661
0.54, 2261735
0.55, 2261689
0.56, 2261443
0.76, 2260772
0.79, 2253474
0.84, 2249709
1.03, 2249357
