0.0, 2612726
0.08, 2602731
0.08, 2601939
0.08, 2598114
0.09, 2564071
0.09, 2560515
0.09, 2538634
0.09, 2522445
0.09, 2513309
0.09, 2501716
0.11, 2498737
0.11, 2490814
0.11, 2487582
0.11, 2483928
0.13, 2474701
0.13, 2470896
0.14, 2442666
0.14, 2429280
0.14, 2409785
0.14, 2408365
0.14, 2408355
0.15, 2387904
0.15, 2383285
0.16, 2347741
0.16, 2347345
0.17, 2322381
0.19, 2319175
0.19, 2306405
0.19, 2302993
0.2, 2298671
0.2, 2298241
0.2, 2293881
0.21, 2293592
0.21, 2292809
0.21, 2290489
0.22, 2280329
0.23, 2273892
0.23, 2268898
0.24, 2264962
0.27, 2238433
0.27, 2236739
0.28, 2236176
0.29, 2230777
0.29, 2222183
0.3, 2220831
0.3, 2220665
0.32, 2219177
0.32, 2218586
0.32, 2218449
0.33, 2207976
0.33, 2203367
0.34, 2202806
0.34, 2200447
0.34, 2196583
0.35, 2194934
0.37, 2193702
0.41, 2191878
0.43, 2187773
