0.0, 2852632
0.0, 2846807
0.13, 2824445
0.14, 2822253
0.15, 2821692
0.15, 2815901
0.16, 2788980
0.18, 2736881
0.18, 2733179
0.19, 2702506
0.2, 2700576
0.22, 2694189
0.24, 2672253
0.24, 2667228
0.26, 2667074
0.26, 2662940
0.26, 2645639
0.27, 2644964
0.27, 2639002
0.27, 2634439
0.27, 2621927
0.29, 2619732
0.29, 2605341
0.29, 2557315
0.29, 2465795
0.29, 2462520
0.3, 2461904
0.3, 2458197
0.3, 2455929
0.3, 2455451
0.31, 2447923
0.31, 2437248
0.31, 2419104
0.31, 2417165
0.32, 2402887
0.32, 2399169
0.32, 2397524
0.32, 2394401
0.32, 2391434
0.33, 2391091
0.33, 2388726
0.33, 2358493
0.33, 2287827
0.33, 2279504
0.34, 2277461
0.35, 2275797
0.35, 2275261
0.36, 2273469
0.38, 2271087
0.38, 2270329
0.39, 2270040
0.4, 2269955
0.41, 2266423
0.41, 2265411
0.41, 2261100
0.42, 2260281
0.42, 2259765
0.42, 2257708
0.43, 2256449
0.45, 2254042
0.45, 2253789
0.55, 2253184
0.57, 2248624
0.58, 2247469
0.59, 2247136
0.61, 2246566
0.62, 2246521
0.63, 2245673
0.64, 2244955
0.68, 2236353
0.69, 2229996
0.73, 2229478
0.76, 2229100
0.82, 2225132
0.83, 2224313
0.85, 2222588
0.86, 2221068
0.86, 2216637
0.86, 2209324
0.9, 2204623
0.9, 2204008
