0.0, 2795945
0.12, 2787901
0.12, 2748088
0.12, 2747363
0.12, 2731507
0.13, 2720608
0.13, 2713963
0.13, 2711190
0.13, 2706738
0.13, 2703474
0.13, 2686111
0.13, 2680931
0.14, 2660200
0.14, 2660121
0.15, 2657962
0.15, 2617886
0.15, 2617415
0.16, 2606672
0.17, 2595756
0.17, 2595134
0.17, 2594336
0.18, 2575844
0.18, 2573187
0.18, 2551707
0.18, 2550764
0.19, 2526177
0.2, 2510910
0.2, 2488494
0.2, 2478243
0.21, 2460331
0.21, 2458725
0.22, 2458516
0.23, 2457879
0.23, 2441984
0.24, 2395847
0.24, 2390741
0.24, 2389341
0.24, 2386036
0.25, 2382031
0.25, 2376978
0.25, 2375712
0.25, 2368103
0.26, 2317665
0.27, 2305498
0.28, 2298713
0.28, 2289821
0.29, 2287206
0.29, 2275319
0.29, 2274456
0.29, 2271300
0.29, 2270295
0.31, 2258648
0.32, 2251865
0.32, 2247614
0.32, 2246870
0.33, 2243353
0.33, 2243137
0.34, 2243004
0.34, 2242192
0.37, 2235253
0.38, 2234530
0.39, 2234098
0.44, 2233892
0.46, 2232745
0.53, 2232254
0.6, 2227919
0.6, 2220324
0.68, 2219926
0.69, 2216730
