0.15, 4585415
0.15, 4536291
0.15, 4527160
0.15, 4197783
0.15, 4178524
0.15, 4173322
0.15, 4152072
0.24, 4133124
0.24, 4129944
0.27, 4127293
0.3, 4118067
0.3, 4114887
0.3, 4105417
0.3, 4102189
0.55, 3936350
0.55, 3917091
0.55, 3911889
0.55, 3890639
0.56, 3882520
0.56, 3869748
1.98, 3821855
1.98, 3818675
2.1, 3816024
2.24, 3806797
2.24, 3803618
2.26, 3794148
2.26, 3790920
5.3, 3789184
5.3, 3786005
5.31, 3776535
5.31, 3773307
5.89, 3769094
5.89, 3765866
14.03, 3666198
14.03, 3646939
14.03, 3641737
14.03, 3620487
14.03, 3618400
14.04, 3576249
14.04, 3575688
14.04, 3556365
14.04, 3550457
14.04, 3529913
14.06, 3521794
14.07, 3509022
21.5, 3505008
21.51, 3492235
21.98, 3490044
23.77, 3471871
23.78, 3469784
23.78, 3449341
23.78, 3448780
23.79, 3429457
23.79, 3423550
23.79, 3403006
23.8, 3390537
38.77, 3381480
38.78, 3373362
38.78, 3360589
45.71, 3312696
45.72, 3309516
46.37, 3306865
47.23, 3297639
47.23, 3294459
47.31, 3284990
47.31, 3281761
59.12, 3280026
59.12, 3276846
59.19, 3267376
59.19, 3264148
61.12, 3259935
61.12, 3256707
314.22, 3253234
314.22, 3250005
326.04, 3243334
326.05, 3240106
328.17, 3235893
328.17, 3232665
