0.03, 1947613
1.92, 1946761
1.93, 1938081
1.96, 1938065
1.96, 1937547
2.0, 1937381
2.07, 1934426
2.09, 1933012
2.12, 1931737
2.2, 1924559
2.23, 1924312
2.24, 1923037
2.25, 1918649
2.25, 1909119
2.27, 1909009
2.31, 1906805
2.31, 1902761
2.34, 1901789
2.36, 1901275
2.37, 1900861
2.38, 1898612
2.39, 1894709
2.41, 1894357
2.41, 1893208
2.42, 1892860
2.43, 1889464
2.44, 1874678
2.48, 1874334
2.51, 1873999
2.51, 1873381
2.55, 1873243
2.56, 1873208
2.56, 1872767
2.65, 1868472
2.66, 1868406
2.69, 1868351
2.72, 1868207
2.75, 1868125
2.75, 1867024
2.75, 1866363
2.8, 1858033
2.83, 1854923
2.83, 1854493
2.83, 1851346
2.85, 1850375
2.85, 1834932
2.86, 1833542
2.86, 1823072
2.93, 1815720
2.93, 1815240
2.95, 1814261
2.97, 1812391
2.99, 1811981
2.99, 1811400
3.01, 1810975
3.01, 1810489
3.03, 1809625
3.04, 1809216
3.04, 1809048
3.06, 1808991
3.12, 1798535
3.13, 1797701
3.18, 1795552
3.19, 1791079
3.23, 1791027
3.23, 1790638
3.24, 1789976
3.24, 1789825
3.26, 1789728
3.26, 1786127
3.27, 1782893
3.3, 1782841
3.31, 1780526
3.38, 1779536
3.43, 1776579
3.43, 1776377
3.44, 1773869
3.46, 1771286
3.46, 1770973
3.46, 1769047
3.47, 1766720
3.49, 1765684
3.49, 1759238
3.58, 1759208
3.58, 1757990
3.58, 1749851
3.63, 1741468
3.64, 1741076
3.68, 1737347
3.68, 1735710
3.73, 1733725
3.74, 1733617
3.8, 1731842
3.8, 1730457
3.85, 1730350
3.87, 1730209
3.89, 1729307
3.9, 1727431
3.9, 1727425
3.91, 1726561
3.92, 1726482
3.92, 1726381
3.95, 1725628
3.98, 1720569
4.02, 1720057
4.02, 1720019
4.05, 1719890
4.14, 1718710
4.14, 1718027
4.14, 1717384
4.21, 1710647
4.24, 1666013
4.27, 1664796
4.29, 1663383
4.31, 1661889
4.31, 1661464
4.34, 1661375
4.34, 1648754
4.36, 1647275
4.4, 1645850
4.42, 1645098
4.44, 1644815
4.48, 1644017
4.5, 1642753
4.54, 1642673
4.57, 1642038
4.58, 1639894
4.63, 1639885
4.66, 1639566
4.7, 1639346
4.71, 1636978
4.82, 1636300
4.86, 1630019
4.86, 1629961
4.94, 1629877
4.96, 1628437
4.99, 1627873
5.03, 1627825
5.13, 1627341
5.13, 1626822
5.16, 1626367
5.22, 1626185
5.25, 1625964
5.26, 1621903
5.27, 1621655
5.28, 1619115
5.44, 1616498
5.47, 1597226
5.5, 1596669
5.52, 1596612
5.54, 1594122
5.55, 1590029
5.62, 1588244
5.65, 1585020
5.69, 1584151
5.69, 1584080
5.72, 1578302
5.75, 1577723
5.76, 1576491
5.79, 1575692
5.84, 1575649
5.94, 1566958
5.96, 1566923
5.98, 1565207
5.99, 1564392
6.01, 1557523
6.02, 1556052
6.04, 1555909
6.06, 1555727
6.09, 1555262
6.1, 1552092
6.11, 1549502
6.12, 1548518
6.14, 1546470
6.18, 1545582
6.18, 1544657
6.18, 1540650
6.19, 1540553
6.2, 1528814
6.23, 1528748
6.26, 1526196
6.27, 1525596
6.41, 1525330
6.47, 1524447
6.53, 1523959
6.53, 1522724
6.54, 1522486
6.56, 1521806
6.6, 1521371
6.61, 1520425
6.69, 1516114
6.71, 1515038
6.71, 1515014
6.73, 1514183
6.76, 1512892
6.78, 1511208
6.8, 1510587
6.8, 1510355
6.84, 1510026
6.89, 1509253
6.93, 1508501
7.04, 1506780
7.1, 1505800
7.11, 1505642
7.11, 1505538
7.12, 1505515
7.17, 1504932
7.18, 1504123
7.23, 1503615
7.24, 1502885
7.24, 1502512
7.29, 1501334
7.3, 1500142
7.32, 1500098
7.37, 1500051
7.39, 1499507
7.41, 1497909
7.53, 1497398
7.74, 1492880
7.76, 1474740
7.78, 1474414
7.81, 1472241
7.81, 1471031
7.85, 1470881
7.86, 1464845
7.86, 1464474
7.88, 1462918
7.91, 1455296
7.91, 1454366
8.0, 1454106
8.01, 1453887
8.01, 1453367
8.09, 1453306
8.19, 1450755
8.19, 1448744
8.25, 1448664
8.25, 1448609
8.26, 1446190
8.29, 1434856
8.32, 1434557
8.52, 1434310
8.53, 1433546
8.62, 1431788
8.62, 1430978
8.71, 1429518
8.83, 1426624
8.85, 1425590
8.93, 1425443
8.99, 1425421
9.02, 1423789
9.06, 1423478
9.24, 1423466
9.25, 1422795
9.27, 1422581
9.27, 1422246
9.38, 1422061
9.72, 1411480
9.87, 1411329
9.94, 1410620
9.95, 1410401
9.99, 1410273
10.12, 1410139
10.19, 1409094
10.24, 1408978
10.24, 1408608
10.31, 1407938
10.35, 1407358
10.49, 1406601
10.55, 1406591
10.83, 1405939
10.87, 1405196
10.88, 1402750
11.08, 1402297
11.23, 1402006
11.3, 1402000
11.35, 1398470
11.44, 1396343
11.57, 1395316
11.75, 1395316
11.95, 1394177
12.08, 1393758
12.16, 1392724
12.19, 1392467
12.26, 1392285
12.47, 1391599
12.55, 1391525
12.63, 1389818
12.75, 1389176
12.95, 1388731
13.0, 1388337
13.11, 1387538
13.18, 1369206
13.22, 1357500
13.86, 1356644
14.02, 1355294
14.14, 1354746
14.24, 1354531
14.32, 1354215
14.4, 1354078
14.47, 1354002
14.49, 1352864
14.51, 1352820
14.61, 1352573
14.9, 1352324
15.06, 1352264
15.08, 1352202
15.21, 1352056
15.38, 1351891
15.4, 1351281
15.69, 1351156
15.77, 1350775
15.79, 1350540
15.95, 1350329
16.0, 1350250
16.49, 1347551
16.76, 1347046
16.78, 1346734
16.8, 1346315
16.88, 1346187
16.89, 1346166
17.01, 1345949
17.04, 1345641
17.27, 1345480
17.27, 1345461
17.46, 1344954
17.55, 1344743
17.56, 1344619
17.62, 1344420
17.73, 1343037
17.81, 1342525
17.97, 1341123
18.0, 1334588
18.14, 1333537
18.2, 1330213
18.2, 1330014
18.33, 1329800
18.48, 1329745
18.59, 1329437
18.91, 1329217
19.07, 1328555
19.35, 1327544
19.45, 1322028
19.55, 1309493
19.58, 1309112
19.58, 1308912
19.78, 1307475
19.99, 1306872
20.17, 1300914
20.37, 1300804
20.39, 1300773
20.57, 1300369
21.03, 1300114
21.22, 1297493
21.34, 1297236
21.44, 1294696
21.5, 1291487
21.6, 1286065
21.71, 1285777
21.95, 1283552
22.07, 1283345
22.14, 1283132
22.2, 1283052
22.3, 1282863
22.32, 1264246
22.39, 1257352
22.43, 1256815
22.5, 1256605
22.8, 1256354
22.9, 1255618
23.26, 1255138
23.7, 1254104
23.84, 1251567
24.27, 1251122
24.28, 1250178
24.33, 1249567
24.96, 1249514
25.07, 1249286
25.28, 1248437
25.35, 1247743
25.6, 1246942
25.65, 1246868
25.71, 1246866
25.82, 1245559
25.83, 1244360
25.88, 1244081
25.92, 1243556
26.48, 1242990
26.55, 1239194
27.03, 1239114
27.27, 1237408
27.42, 1236326
28.8, 1236323
29.06, 1235926
29.35, 1235777
29.49, 1235284
30.11, 1234556
30.33, 1234256
31.88, 1231752
32.16, 1231642
33.03, 1231589
33.14, 1231565
33.52, 1230092
33.54, 1230002
33.55, 1229070
34.23, 1229067
34.32, 1228524
35.7, 1228244
36.26, 1228098
37.88, 1228007
38.35, 1227633
39.04, 1227385
39.09, 1226533
40.75, 1225998
48.36, 1225932
49.72, 1224463
50.93, 1224055
51.21, 1223928
65.19, 1223409
76.8, 1223199
77.83, 1222917
