0.13, 1896595
1.49, 1896051
1.52, 1894452
1.58, 1893386
1.58, 1886512
1.59, 1884944
1.6, 1883284
1.6, 1883100
1.61, 1880249
1.61, 1877804
1.64, 1876315
1.65, 1875140
1.69, 1869600
1.7, 1866301
1.75, 1865569
1.79, 1861422
1.8, 1861070
1.8, 1859966
1.8, 1859822
1.8, 1854197
1.81, 1849208
1.85, 1845708
1.88, 1845496
1.88, 1845168
1.88, 1844556
1.88, 1843543
1.89, 1842749
1.89, 1840666
1.91, 1839004
1.91, 1837798
1.93, 1832066
1.93, 1828987
1.94, 1827959
1.96, 1826854
1.96, 1824175
1.96, 1820088
1.99, 1818206
2.01, 1817893
2.02, 1809441
2.02, 1798943
2.04, 1798170
2.06, 1796809
2.07, 1796156
2.07, 1793939
2.07, 1793317
2.09, 1787720
2.1, 1785209
2.12, 1776063
2.13, 1769825
2.13, 1768310
2.13, 1759683
2.13, 1756278
2.14, 1754481
2.16, 1745531
2.16, 1742729
2.16, 1742703
2.16, 1742636
2.16, 1740224
2.19, 1739644
2.24, 1737795
2.25, 1737739
2.26, 1731504
2.26, 1729621
2.29, 1728528
2.31, 1727548
2.32, 1726985
2.32, 1725682
2.36, 1724775
2.36, 1722955
2.38, 1721963
2.39, 1717796
2.4, 1717342
2.42, 1717328
2.42, 1716835
2.44, 1715003
2.51, 1713588
2.53, 1713138
2.53, 1711219
2.6, 1708183
2.62, 1707453
2.63, 1705329
2.65, 1705138
2.7, 1688445
2.71, 1687272
2.74, 1687118
2.74, 1686958
2.75, 1683184
2.76, 1682759
2.76, 1681467
2.76, 1679663
2.8, 1678186
2.8, 1677255
2.8, 1676297
2.8, 1673255
2.81, 1668827
2.81, 1666445
2.86, 1665458
2.88, 1665067
2.9, 1664170
2.91, 1664144
2.92, 1664098
2.95, 1661176
2.96, 1659458
2.99, 1652736
3.0, 1652640
3.0, 1641448
3.06, 1639688
3.11, 1637777
3.15, 1637077
3.17, 1636853
3.18, 1635998
3.21, 1634568
3.21, 1634325
3.21, 1634321
3.23, 1632191
3.24, 1627188
3.29, 1624503
3.32, 1624342
3.34, 1624167
3.37, 1623370
3.38, 1623268
3.38, 1617922
3.4, 1617901
3.4, 1617518
3.41, 1615601
3.44, 1615370
3.44, 1613230
3.46, 1610982
3.48, 1609913
3.48, 1609331
3.49, 1609302
3.55, 1606554
3.6, 1606006
3.62, 1603714
3.66, 1600834
3.66, 1600733
3.74, 1595449
3.74, 1591503
3.8, 1580806
3.83, 1579592
3.84, 1579351
3.88, 1576837
3.9, 1576715
3.97, 1575899
3.99, 1557405
4.03, 1556694
4.11, 1522658
4.16, 1522519
4.19, 1519442
4.2, 1517923
4.2, 1517430
4.23, 1517023
4.26, 1516796
4.27, 1516731
4.28, 1515903
4.33, 1515823
4.33, 1508852
4.33, 1506729
4.36, 1506375
4.37, 1506270
4.39, 1506224
4.39, 1505638
4.4, 1505051
4.4, 1504833
4.44, 1503516
4.45, 1502993
4.5, 1502060
4.55, 1501507
4.57, 1500305
4.58, 1498357
4.6, 1498048
4.63, 1497557
4.63, 1497036
4.63, 1496896
4.64, 1492734
4.71, 1492513
4.71, 1490978
4.77, 1490770
4.79, 1490268
4.81, 1490039
4.81, 1486570
4.82, 1485805
4.83, 1484548
4.84, 1484083
4.88, 1483988
4.95, 1482421
4.96, 1480282
5.02, 1479219
5.05, 1478683
5.07, 1477739
5.15, 1476585
5.15, 1476516
5.15, 1476337
5.17, 1475496
5.18, 1471798
5.18, 1470543
5.19, 1470072
5.26, 1469918
5.29, 1469275
5.29, 1469157
5.31, 1468499
5.31, 1468047
5.35, 1466805
5.42, 1466058
5.46, 1463349
5.6, 1461760
5.61, 1460884
5.69, 1460622
5.72, 1460176
5.72, 1459801
5.77, 1457874
5.77, 1456113
5.77, 1455699
5.81, 1455563
5.83, 1453693
5.92, 1440444
5.92, 1439810
5.93, 1439694
5.95, 1439517
5.95, 1436855
5.95, 1436112
5.96, 1435316
5.96, 1434953
6.0, 1434918
6.03, 1434848
6.06, 1432570
6.11, 1431399
6.14, 1429628
6.16, 1429417
6.17, 1427658
6.18, 1427647
6.22, 1426401
6.27, 1423561
6.32, 1423014
6.32, 1422979
6.32, 1422421
6.37, 1422284
6.38, 1422148
6.45, 1421629
6.52, 1421167
6.54, 1420454
6.6, 1420288
6.66, 1418375
6.68, 1418070
6.68, 1416072
6.78, 1416064
6.8, 1415826
6.81, 1415821
6.85, 1395221
6.87, 1392186
6.92, 1390870
6.94, 1370547
6.95, 1369770
6.97, 1369698
7.0, 1367490
7.03, 1367043
7.05, 1366645
7.09, 1364822
7.11, 1364792
7.24, 1364367
7.25, 1364305
7.28, 1363678
7.31, 1363641
7.34, 1363101
7.38, 1361140
7.38, 1360116
7.45, 1360056
7.48, 1358670
7.51, 1358623
7.52, 1357333
7.53, 1356179
7.55, 1355721
7.57, 1355330
7.59, 1354039
7.61, 1353867
7.63, 1353200
7.77, 1343785
7.85, 1342064
7.88, 1341873
7.89, 1341663
7.91, 1341196
8.03, 1341152
8.08, 1339105
8.08, 1330047
8.09, 1329383
8.19, 1327855
8.19, 1326277
8.3, 1325646
8.38, 1325514
8.44, 1325299
8.44, 1324751
8.6, 1320092
8.67, 1319284
8.68, 1276793
8.74, 1274762
8.89, 1274409
8.89, 1273151
8.91, 1272839
8.94, 1272455
9.11, 1272242
9.14, 1272022
9.25, 1271223
9.29, 1269901
9.49, 1269867
9.57, 1269399
9.59, 1269083
9.66, 1268533
9.67, 1268357
9.75, 1267891
9.88, 1267890
9.96, 1267662
9.99, 1265984
10.05, 1265788
10.14, 1265467
10.28, 1265132
10.3, 1264635
10.33, 1264303
10.37, 1263321
10.38, 1263211
10.51, 1263058
10.66, 1262956
10.82, 1262812
10.91, 1262468
10.94, 1261962
11.05, 1261730
11.06, 1260715
11.11, 1260406
11.18, 1260281
11.41, 1260143
11.41, 1259795
11.5, 1259678
11.79, 1256503
11.81, 1255795
11.83, 1255481
11.84, 1255028
12.41, 1254982
12.54, 1251860
12.59, 1251671
12.75, 1251670
13.17, 1251457
13.51, 1250203
13.62, 1249103
13.69, 1248570
13.89, 1248417
13.93, 1245102
14.02, 1244911
14.09, 1244622
14.12, 1244597
14.42, 1237995
14.42, 1237823
14.46, 1234482
14.56, 1234463
14.6, 1234203
14.76, 1233949
14.77, 1233746
14.87, 1233623
14.92, 1232538
15.1, 1231846
15.1, 1231474
15.3, 1231229
15.34, 1231142
15.45, 1230282
15.49, 1229506
15.78, 1227884
15.99, 1218220
16.26, 1217234
16.33, 1215463
16.45, 1213904
16.56, 1213324
16.61, 1213048
16.81, 1212548
17.02, 1211899
17.06, 1211792
17.08, 1210919
17.16, 1210747
17.24, 1210192
17.38, 1210047
17.44, 1209898
17.52, 1207297
17.57, 1205801
17.73, 1205019
17.89, 1202062
17.91, 1200846
18.03, 1200385
18.04, 1200219
18.09, 1200042
18.31, 1199764
18.48, 1199745
18.52, 1197105
18.63, 1196855
18.95, 1196565
19.1, 1195852
19.21, 1193515
19.38, 1192934
19.51, 1192885
19.53, 1191465
19.79, 1191437
19.93, 1191431
19.95, 1190601
20.3, 1188825
20.37, 1188636
20.45, 1188500
20.8, 1188260
20.91, 1188138
21.16, 1185300
21.24, 1184816
21.47, 1184361
21.51, 1183739
21.57, 1183483
22.31, 1183097
22.85, 1182925
23.02, 1182763
23.04, 1182522
23.3, 1181330
23.51, 1181134
23.53, 1180798
23.57, 1179856
23.59, 1179709
23.64, 1178705
24.64, 1173137
24.82, 1172322
