0.04, 1915642
0.87, 1914315
0.87, 1907754
0.88, 1905301
0.88, 1904192
0.88, 1902847
0.88, 1899288
0.89, 1899264
0.89, 1899148
0.89, 1896913
0.89, 1895859
0.89, 1894513
0.89, 1889278
0.9, 1886346
0.9, 1885182
0.9, 1885162
0.9, 1884011
0.9, 1883725
0.91, 1881617
0.92, 1881289
0.92, 1878131
0.92, 1877831
0.93, 1875269
0.93, 1871783
0.95, 1870809
0.95, 1869924
0.96, 1868068
0.97, 1866016
0.97, 1864456
0.97, 1864187
0.98, 1862929
0.99, 1861466
1.0, 1861304
1.01, 1859511
1.02, 1859166
1.03, 1856722
1.04, 1856564
1.06, 1854384
1.07, 1853492
1.07, 1843991
1.11, 1843488
1.12, 1842796
1.12, 1839596
1.13, 1834010
1.15, 1831998
1.15, 1821645
1.15, 1820028
1.15, 1818971
1.16, 1818942
1.17, 1818886
1.18, 1818825
1.19, 1818377
1.2, 1818327
1.2, 1782504
1.2, 1782354
1.2, 1780423
1.22, 1779990
1.22, 1779932
1.23, 1779266
1.27, 1779130
1.27, 1770012
1.27, 1767670
1.28, 1764424
1.28, 1763706
1.29, 1762621
1.3, 1762213
1.3, 1756028
1.31, 1755714
1.31, 1754219
1.32, 1753623
1.33, 1752108
1.35, 1737109
1.36, 1736872
1.37, 1736391
1.37, 1732404
1.37, 1731170
1.38, 1731020
1.39, 1724661
1.42, 1721210
1.42, 1721179
1.44, 1720494
1.44, 1719888
1.45, 1719808
1.45, 1712497
1.46, 1709915
1.46, 1709636
1.48, 1709623
1.48, 1709188
1.49, 1708805
1.5, 1708186
1.5, 1707424
1.51, 1706696
1.51, 1703215
1.53, 1701848
1.54, 1701354
1.54, 1700357
1.56, 1699152
1.57, 1698126
1.58, 1698026
1.58, 1697564
1.58, 1696733
1.59, 1689776
1.59, 1689458
1.59, 1687139
1.6, 1685621
1.62, 1685503
1.63, 1683291
1.63, 1683238
1.63, 1675580
1.64, 1663711
1.67, 1657060
1.69, 1639783
1.7, 1630490
1.71, 1630402
1.72, 1624013
1.72, 1623928
1.72, 1622369
1.75, 1622217
1.75, 1618786
1.76, 1601048
1.76, 1597563
1.77, 1597537
1.8, 1595739
1.82, 1595550
1.84, 1594725
1.84, 1594657
1.87, 1592999
1.88, 1592746
1.89, 1590912
1.9, 1590819
1.9, 1579507
1.92, 1574902
1.92, 1571560
1.92, 1569750
1.93, 1557845
1.93, 1553374
1.94, 1550597
1.95, 1545874
1.95, 1544669
1.95, 1543653
1.96, 1543393
1.98, 1541194
1.98, 1541175
1.99, 1538569
2.01, 1536940
2.02, 1532707
2.04, 1532545
2.05, 1532101
2.07, 1529483
2.09, 1529470
2.11, 1529088
2.11, 1517011
2.13, 1511476
2.16, 1511413
2.18, 1494573
2.2, 1493770
2.24, 1493507
2.25, 1492744
2.28, 1492734
2.28, 1491938
2.3, 1491337
2.31, 1491197
2.31, 1490744
2.32, 1490695
2.34, 1489786
2.35, 1488380
2.35, 1487821
2.36, 1487054
2.36, 1484426
2.37, 1484217
2.38, 1484000
2.41, 1483868
2.42, 1483546
2.42, 1482276
2.45, 1480353
2.5, 1478818
2.51, 1476681
2.52, 1476042
2.53, 1476024
2.57, 1475744
2.59, 1474830
2.6, 1472017
2.6, 1468267
2.61, 1464050
2.63, 1462846
2.64, 1461870
2.68, 1458570
2.68, 1456937
2.71, 1454906
2.73, 1453796
2.74, 1453247
2.76, 1452940
2.78, 1423502
2.79, 1423062
2.81, 1422581
2.83, 1422101
2.84, 1421531
2.85, 1418783
2.85, 1409419
2.85, 1408939
2.91, 1408406
2.91, 1394153
2.92, 1392520
2.93, 1385784
2.95, 1383895
2.95, 1383782
2.97, 1382987
2.99, 1382817
3.0, 1381656
3.01, 1379711
3.02, 1378688
3.03, 1378368
3.04, 1373102
3.05, 1364785
3.05, 1363683
3.06, 1363223
3.07, 1362924
3.08, 1362252
3.1, 1361619
3.12, 1361155
3.12, 1358388
3.12, 1357878
3.13, 1357174
3.14, 1350801
3.18, 1350437
3.19, 1350416
3.21, 1350373
3.23, 1347589
3.23, 1345049
3.24, 1344624
3.28, 1342121
3.28, 1340764
3.29, 1340759
3.3, 1340568
3.31, 1340483
3.33, 1337254
3.35, 1336850
3.35, 1335859
3.36, 1331768
3.39, 1331038
3.4, 1328846
3.4, 1319167
3.42, 1317036
3.43, 1315996
3.45, 1315268
3.47, 1314071
3.48, 1313887
3.5, 1313830
3.51, 1313747
3.54, 1313465
3.55, 1313380
3.56, 1310713
3.57, 1310032
3.58, 1309688
3.63, 1309226
3.64, 1308756
3.64, 1308714
3.65, 1308049
3.7, 1307217
3.71, 1302389
3.73, 1302191
3.77, 1301338
3.78, 1301066
3.8, 1299989
3.81, 1299581
3.84, 1295692
3.86, 1295005
3.88, 1293627
3.89, 1292711
3.93, 1292494
3.93, 1292397
3.94, 1292279
4.05, 1292008
4.08, 1291456
4.09, 1290122
4.15, 1288788
4.17, 1288734
4.18, 1288376
4.18, 1286381
4.19, 1285915
4.22, 1285131
4.24, 1284566
4.27, 1284185
4.28, 1283780
4.31, 1281941
4.31, 1281935
4.31, 1281258
4.35, 1280723
4.36, 1280440
4.41, 1280413
4.44, 1280345
4.45, 1278369
4.46, 1278268
4.51, 1278219
4.52, 1277594
4.68, 1274195
4.71, 1273793
4.76, 1272880
4.79, 1272520
4.79, 1271733
4.81, 1271433
4.83, 1271379
4.88, 1270816
4.91, 1270718
4.94, 1269081
4.94, 1268256
4.96, 1268192
4.98, 1267366
5.0, 1267356
5.01, 1266842
5.04, 1266522
5.05, 1266517
5.06, 1266464
5.1, 1265879
5.12, 1265861
5.13, 1258679
5.14, 1258461
5.14, 1258317
5.18, 1257246
5.21, 1257157
5.25, 1257142
5.27, 1256377
5.32, 1255748
5.35, 1255429
5.39, 1254969
5.4, 1253436
5.41, 1253366
5.41, 1252572
5.44, 1252415
5.48, 1251161
5.51, 1247237
5.52, 1247083
5.53, 1246666
5.53, 1244729
5.58, 1244535
5.6, 1244286
5.6, 1244260
5.77, 1242922
5.8, 1242592
5.85, 1241865
5.87, 1241436
5.98, 1241050
5.99, 1240977
6.03, 1240862
6.2, 1237589
6.32, 1235888
6.34, 1235141
6.37, 1235034
6.42, 1234731
6.44, 1234723
6.46, 1234710
6.48, 1234662
6.54, 1234499
6.64, 1233784
6.65, 1232267
6.66, 1232094
6.66, 1231749
6.67, 1231383
6.7, 1230824
6.71, 1230773
6.73, 1230490
6.76, 1229167
6.84, 1225805
6.84, 1225376
6.95, 1225331
7.01, 1225220
7.06, 1224132
7.11, 1224044
7.14, 1223731
7.19, 1223678
7.24, 1223513
7.25, 1221049
7.5, 1220585
7.65, 1220579
7.66, 1220188
7.79, 1220126
7.91, 1219319
7.96, 1219047
8.01, 1218532
8.02, 1216955
8.04, 1216224
8.07, 1215565
8.17, 1214881
8.38, 1214841
8.4, 1212812
8.43, 1212482
8.46, 1211414
8.54, 1204254
8.58, 1204123
8.76, 1201259
8.97, 1201148
9.16, 1191637
9.19, 1191621
9.36, 1187368
9.42, 1186997
9.48, 1186949
9.71, 1186710
9.71, 1186175
9.73, 1186127
9.82, 1185986
9.9, 1185979
10.0, 1185638
10.19, 1184652
10.26, 1183334
11.01, 1181566
11.08, 1181198
11.45, 1181163
11.55, 1180381
12.06, 1180040
12.72, 1179795
13.67, 1179513
14.38, 1179290
14.52, 1178974
14.66, 1178417
15.14, 1178200
17.21, 1177973
17.59, 1177684
17.7, 1177633
18.8, 1177630
19.03, 1177525
19.11, 1176687
19.15, 1176653
19.19, 1176180
19.75, 1175880
20.26, 1175774
20.31, 1175400
21.48, 1175016
22.87, 1174930
22.98, 1174348
23.8, 1174271
23.8, 1174260
