0.07, 1758336
1.98, 1737300
1.98, 1734672
2.0, 1733397
2.0, 1731339
2.01, 1730933
2.01, 1728195
2.04, 1725665
2.04, 1724889
2.05, 1724108
2.05, 1722359
2.09, 1722147
2.1, 1721331
2.11, 1719772
2.12, 1716770
2.12, 1673069
2.14, 1672212
2.16, 1667976
2.16, 1667953
2.17, 1667027
2.19, 1666603
2.19, 1647615
2.2, 1645660
2.22, 1644429
2.22, 1643586
2.23, 1642322
2.29, 1642266
2.29, 1642063
2.33, 1611334
2.34, 1607908
2.35, 1600383
2.37, 1593807
2.4, 1593016
2.4, 1592857
2.4, 1592000
2.4, 1586310
2.42, 1585987
2.44, 1585920
2.47, 1585902
2.48, 1584733
2.49, 1583729
2.51, 1583114
2.54, 1582975
2.55, 1579283
2.58, 1579077
2.58, 1578653
2.61, 1577985
2.63, 1577813
2.65, 1568465
2.65, 1560798
2.67, 1559917
2.69, 1558074
2.76, 1553496
2.77, 1553401
2.79, 1549560
2.79, 1547966
2.82, 1546400
2.82, 1546194
2.84, 1539215
2.85, 1538183
2.86, 1538016
2.92, 1535722
2.94, 1514918
2.95, 1514455
2.95, 1514218
3.01, 1511808
3.01, 1510542
3.02, 1509263
3.04, 1508468
3.04, 1508339
3.07, 1506306
3.08, 1499311
3.08, 1498586
3.12, 1497211
3.19, 1496955
3.22, 1496709
3.22, 1495862
3.35, 1494256
3.35, 1493651
3.37, 1492261
3.42, 1490253
3.44, 1490171
3.51, 1486536
3.54, 1485681
3.57, 1478899
3.6, 1478477
3.61, 1474379
3.62, 1472695
3.68, 1472540
3.72, 1472483
3.73, 1470218
3.75, 1470184
3.78, 1468848
3.84, 1468820
3.88, 1468660
3.92, 1468472
3.96, 1464097
3.96, 1463257
3.96, 1462648
4.0, 1462091
4.02, 1462070
4.04, 1459362
4.05, 1458831
4.05, 1458575
4.1, 1458560
4.11, 1456235
4.12, 1455077
4.12, 1454254
4.15, 1453715
4.15, 1453458
4.16, 1452848
4.16, 1451979
4.16, 1450541
4.18, 1445103
4.18, 1418075
4.2, 1414073
4.23, 1413891
4.24, 1412659
4.28, 1408833
4.28, 1406869
4.35, 1404055
4.36, 1404011
4.36, 1403252
4.37, 1402639
4.43, 1402311
4.45, 1401436
4.46, 1400712
4.48, 1398976
4.5, 1397955
4.5, 1389491
4.51, 1389070
4.52, 1388166
4.53, 1384908
4.53, 1384568
4.61, 1380154
4.67, 1375857
4.72, 1375804
4.72, 1374523
4.76, 1371471
4.85, 1371391
4.89, 1367812
4.91, 1363315
4.92, 1361565
4.97, 1359562
5.0, 1357815
5.03, 1356762
5.16, 1356557
5.23, 1356307
5.28, 1346592
5.29, 1346573
5.32, 1346150
5.34, 1345921
5.41, 1345726
5.44, 1338212
5.45, 1335180
5.49, 1332624
5.49, 1332427
5.51, 1330696
5.52, 1329929
5.52, 1329690
5.54, 1328252
5.55, 1328163
5.57, 1326142
5.59, 1325950
5.59, 1325483
5.59, 1321653
5.62, 1321485
5.69, 1320255
5.74, 1320005
5.77, 1319706
5.77, 1319575
5.81, 1317487
5.84, 1316369
5.89, 1316284
5.89, 1316179
5.91, 1306781
5.91, 1306527
5.92, 1306312
6.01, 1306115
6.03, 1306000
6.04, 1305647
6.14, 1305340
6.19, 1301869
6.23, 1300704
6.31, 1296368
6.42, 1296110
6.5, 1270814
6.56, 1270516
6.57, 1270459
6.6, 1269235
6.6, 1269015
6.68, 1268638
6.69, 1265958
6.69, 1265225
6.81, 1264713
6.86, 1263349
6.88, 1261555
7.07, 1261250
7.1, 1260513
7.22, 1260213
7.27, 1260166
7.27, 1259969
7.29, 1259965
7.29, 1252136
7.3, 1250686
7.39, 1244824
7.42, 1244388
7.44, 1244230
7.49, 1243027
7.49, 1242539
7.57, 1238992
7.6, 1238484
7.63, 1237411
7.81, 1237225
7.82, 1235910
7.86, 1235743
7.89, 1229320
7.92, 1226444
7.96, 1226302
7.97, 1223293
8.01, 1223234
8.04, 1219638
8.06, 1218158
8.1, 1218087
8.18, 1204957
8.28, 1203294
8.32, 1201775
8.59, 1199292
8.76, 1199245
8.78, 1198883
8.81, 1195523
8.97, 1195023
9.0, 1191783
9.02, 1191033
9.03, 1190896
9.11, 1190468
9.14, 1188442
9.22, 1188316
9.59, 1187996
9.64, 1185923
9.76, 1184814
9.78, 1184590
10.0, 1183372
10.09, 1182019
10.18, 1181284
10.3, 1181018
10.41, 1171665
10.41, 1171259
10.41, 1171002
10.58, 1170885
10.62, 1170834
10.87, 1167702
10.94, 1166347
11.05, 1166256
11.14, 1165724
11.21, 1165231
11.41, 1165054
11.42, 1164093
11.75, 1164074
11.84, 1163896
11.85, 1162556
11.89, 1162478
11.92, 1162045
12.5, 1161764
12.54, 1161337
12.7, 1161314
13.1, 1161062
13.33, 1160844
13.44, 1158216
13.51, 1155275
13.81, 1155265
13.89, 1155234
13.89, 1155158
13.91, 1154588
13.92, 1154271
14.0, 1153467
14.05, 1153441
14.21, 1152475
14.53, 1152245
14.81, 1151349
15.08, 1148087
15.33, 1148084
15.36, 1147811
15.49, 1147445
15.61, 1147042
15.64, 1146862
15.64, 1146652
15.71, 1146405
15.81, 1145659
15.91, 1144688
15.98, 1144212
16.26, 1144209
16.32, 1143358
16.35, 1142971
16.72, 1142710
16.8, 1142527
17.03, 1142056
17.18, 1137001
17.6, 1136550
18.41, 1136420
18.51, 1135965
18.62, 1135885
18.78, 1135569
19.07, 1135506
19.21, 1135146
19.26, 1134759
19.31, 1134064
19.73, 1134031
19.79, 1131121
19.85, 1130516
20.1, 1130045
21.01, 1130001
21.81, 1129650
22.08, 1129091
22.31, 1125626
22.41, 1125067
22.55, 1125020
22.56, 1121039
