0.04, 2220849
10.15, 1884613
15.23, 1565941
20.27, 1282198
25.2, 1218998
30.44, 1176069
35.35, 1158825
40.43, 1143926
45.35, 1131041
50.33, 1118371
55.3, 1105768
60.24, 1094572
65.15, 1083554
70.13, 1074876
75.04, 1067143
79.93, 1060965
84.78, 1055032
89.69, 1049921
94.59, 1046212
99.47, 1042983
104.37, 1039807
109.29, 1037676
114.23, 1035676
119.09, 1025556
123.99, 1022143
128.86, 1020155
133.76, 1018244
138.64, 1016395
143.55, 1015006
148.48, 1013690
153.31, 1012584
158.24, 1011495
163.18, 1010486
168.02, 1009550
173.03, 1008644
177.84, 1007793
182.73, 1006204
187.68, 1005504
192.57, 1001852
197.43, 1000679
202.31, 999635
207.19, 998897
212.09, 996639
216.99, 995913
221.81, 995165
226.66, 994478
231.58, 993966
236.42, 993514
241.39, 989525
246.24, 988796
251.1, 988403
256.02, 988077
260.83, 987789
265.77, 987530
270.69, 987289
275.55, 987069
280.54, 986885
285.42, 986706
290.32, 986534
295.15, 986387
300.02, 986288
304.95, 986201
309.88, 986088
314.94, 986041
319.88, 985997
324.89, 985969
329.81, 985914
334.77, 985887
339.75, 985821
344.66, 985211
349.53, 985006
354.43, 984877
359.32, 984855
364.31, 984850
369.24, 984847
403.92, 984748
408.87, 984644
413.81, 984640
462.66, 984639
