0.11, 1866747
10.12, 1646224
15.15, 1594098
20.22, 1551625
25.47, 1522060
30.29, 1368074
35.6, 1315050
40.6, 1280567
45.51, 1182591
50.35, 1161104
55.2, 1141071
60.11, 1126804
65.0, 1116022
69.87, 1107753
74.68, 1099893
79.62, 1093231
84.54, 1088348
102.49, 1084039
107.66, 1079889
112.75, 1076690
117.77, 1073887
122.81, 1071416
128.06, 1067895
133.47, 1065530
138.57, 1061149
143.6, 1058358
148.66, 1056358
153.74, 1053788
158.76, 1051876
163.8, 1050078
168.79, 1048504
173.78, 1047026
178.77, 1045289
183.77, 1043954
188.78, 1042622
193.78, 1040822
198.75, 1039510
203.72, 1038251
208.67, 1037162
213.51, 1036256
218.43, 1035380
223.39, 1034529
228.42, 1032940
233.29, 1032202
238.21, 1031515
243.12, 1031031
248.08, 1030318
253.02, 1029849
258.03, 1028702
262.88, 1025160
267.77, 1024703
272.62, 1024310
277.53, 1024050
282.44, 1023812
287.36, 1023648
292.22, 1023500
297.16, 1023354
301.96, 1023208
306.88, 1022361
311.75, 1022059
316.69, 1004163
321.68, 1002843
326.55, 999891
331.44, 998785
336.39, 997649
341.37, 996756
346.31, 995370
351.16, 994236
356.0, 993741
360.94, 993209
365.83, 992730
370.66, 992594
375.53, 992346
380.33, 992212
385.21, 992085
390.04, 991591
394.88, 991309
399.73, 991095
404.64, 990982
409.49, 990798
414.39, 990751
419.4, 990729
424.22, 990719
429.03, 990671
541.89, 990666
546.81, 987954
551.74, 982457
556.44, 975769
561.29, 975740
