0.07, 1918017
1.61, 1882950
1.61, 1867644
1.61, 1865736
1.61, 1864422
1.62, 1857440
1.63, 1855566
1.64, 1848761
1.64, 1848335
1.67, 1847861
1.67, 1847659
1.67, 1846579
1.69, 1845205
1.77, 1841951
1.77, 1841507
1.79, 1840270
1.79, 1838879
1.79, 1838732
1.86, 1837103
1.86, 1834951
1.89, 1832250
1.95, 1831627
1.97, 1828065
2.0, 1817490
2.0, 1810339
2.05, 1761353
2.05, 1758741
2.05, 1756934
2.05, 1756434
2.05, 1754804
2.05, 1743693
2.06, 1743690
2.06, 1742696
2.08, 1742100
2.08, 1739938
2.11, 1738529
2.11, 1734104
2.13, 1733511
2.2, 1732160
2.22, 1730197
2.24, 1730094
2.24, 1729434
2.24, 1728750
2.3, 1725799
2.33, 1724534
2.34, 1724126
2.37, 1723991
2.39, 1720490
2.39, 1720325
2.5, 1719991
2.51, 1718460
2.57, 1718317
2.58, 1709644
2.59, 1708661
2.61, 1707468
2.63, 1706469
2.66, 1705341
2.67, 1704807
2.68, 1704519
2.7, 1702584
2.7, 1694852
2.71, 1692188
2.78, 1685775
2.8, 1680017
2.8, 1679595
2.8, 1605858
2.82, 1604953
2.82, 1604395
2.82, 1602086
2.87, 1601256
2.92, 1594428
2.95, 1593505
3.08, 1592270
3.11, 1590099
3.11, 1581841
3.12, 1574219
3.18, 1573239
3.21, 1561700
3.26, 1558790
3.3, 1557809
3.3, 1552991
3.3, 1550727
3.31, 1550623
3.37, 1549048
3.38, 1548675
3.38, 1545181
3.45, 1545043
3.48, 1543136
3.48, 1542207
3.49, 1541775
3.53, 1538750
3.56, 1531467
3.61, 1528957
3.72, 1528140
3.73, 1527625
3.73, 1527035
3.75, 1527030
3.76, 1526079
3.76, 1525985
3.82, 1523771
3.83, 1522170
3.85, 1521117
3.86, 1518441
3.98, 1512414
4.02, 1509187
4.02, 1508589
4.11, 1506381
4.14, 1493996
4.15, 1485668
4.17, 1485516
4.2, 1485165
4.2, 1469204
4.2, 1467485
4.22, 1466085
4.23, 1466077
4.25, 1463880
4.25, 1462574
4.29, 1459697
4.3, 1458417
4.31, 1457764
4.34, 1457245
4.34, 1456887
4.38, 1456469
4.39, 1456359
4.43, 1454345
4.44, 1453989
4.46, 1450159
4.5, 1449163
4.5, 1446668
4.54, 1445094
4.54, 1444690
4.55, 1431981
4.58, 1431394
4.6, 1426946
4.61, 1422549
4.67, 1419273
4.67, 1419201
4.75, 1417569
4.79, 1416878
4.79, 1412755
4.86, 1411886
4.86, 1406858
4.9, 1405902
4.96, 1405675
4.97, 1403689
4.99, 1403683
5.08, 1400357
5.11, 1400063
5.13, 1398374
5.15, 1396550
5.2, 1395697
5.29, 1395597
5.36, 1368631
5.4, 1367856
5.45, 1367638
5.57, 1355747
5.58, 1350350
5.58, 1350146
5.59, 1350036
5.6, 1348588
5.62, 1348462
5.65, 1341165
5.69, 1340756
5.76, 1340458
5.83, 1340317
5.9, 1338696
5.91, 1337223
5.95, 1336936
5.96, 1336718
6.06, 1331161
6.07, 1330785
6.16, 1326912
6.17, 1325365
6.27, 1324778
6.33, 1324606
6.44, 1324190
6.47, 1322632
6.51, 1322380
6.54, 1322139
6.67, 1322117
6.7, 1321350
6.76, 1321075
6.78, 1320597
6.86, 1320546
6.88, 1320527
6.95, 1320502
7.09, 1320409
7.2, 1320271
7.21, 1317905
7.8, 1317461
7.81, 1317330
7.93, 1317105
7.99, 1317049
8.02, 1317046
8.13, 1317011
8.31, 1316218
8.51, 1314149
8.54, 1314113
8.72, 1311668
8.73, 1311615
8.85, 1311532
8.92, 1311506
8.93, 1311466
9.08, 1311283
9.12, 1311190
9.18, 1310950
9.2, 1310759
9.26, 1310191
9.29, 1309395
9.35, 1306585
9.45, 1306494
9.51, 1304765
9.61, 1304747
9.62, 1304280
9.68, 1303934
9.7, 1302740
9.76, 1302042
9.79, 1301992
9.84, 1301657
9.91, 1301584
10.05, 1301497
10.13, 1301350
10.4, 1301184
10.52, 1301133
10.63, 1301020
10.7, 1300603
10.75, 1300176
10.75, 1300008
10.79, 1299889
10.81, 1299832
10.9, 1299792
10.93, 1299426
11.08, 1297937
11.24, 1297590
11.42, 1297305
11.61, 1296917
11.61, 1296015
11.76, 1295727
11.83, 1295650
11.92, 1295528
12.09, 1295350
12.15, 1295262
12.16, 1294124
12.33, 1293952
12.35, 1293663
12.57, 1293515
12.73, 1293250
12.77, 1289616
12.86, 1289567
12.89, 1288776
13.01, 1288310
13.1, 1287765
13.24, 1287540
13.26, 1286771
13.31, 1286771
13.5, 1286667
13.61, 1285006
13.65, 1283310
13.75, 1283301
13.98, 1279121
14.08, 1278886
14.09, 1277572
14.15, 1277346
14.32, 1276184
14.47, 1276181
14.55, 1275471
14.92, 1274926
14.97, 1274835
15.0, 1274821
15.0, 1274706
15.26, 1274537
15.26, 1274364
15.41, 1274260
15.44, 1272365
15.47, 1272100
15.5, 1271715
15.7, 1271668
15.78, 1271615
15.78, 1271531
16.06, 1271530
16.06, 1271495
16.16, 1271380
16.27, 1270591
16.37, 1270119
16.48, 1268967
16.7, 1268211
17.03, 1267872
17.45, 1267826
17.51, 1267148
17.54, 1263751
18.1, 1263748
18.17, 1263422
18.23, 1263388
18.3, 1263322
18.5, 1263302
19.43, 1263138
19.74, 1262864
20.0, 1262305
20.07, 1261225
20.07, 1261222
20.28, 1260864
20.32, 1260754
20.51, 1260188
21.19, 1260187
21.28, 1259257
21.29, 1259239
21.32, 1255234
21.4, 1254881
21.4, 1254801
21.42, 1253979
21.58, 1253977
21.63, 1252084
21.67, 1250876
21.86, 1250248
22.23, 1250242
22.26, 1250042
22.38, 1250005
22.92, 1249967
23.38, 1248513
23.64, 1245512
23.83, 1243459
23.85, 1243433
23.88, 1241647
24.07, 1241276
24.48, 1239800
24.54, 1239524
24.62, 1239458
24.72, 1239450
24.97, 1239195
25.07, 1238703
25.5, 1236123
25.6, 1235924
26.07, 1233188
26.2, 1232172
26.62, 1230465
26.64, 1230255
26.64, 1230231
27.13, 1230220
27.3, 1229663
27.45, 1222674
27.56, 1222656
27.83, 1206090
27.89, 1206036
27.98, 1205975
28.2, 1205424
28.41, 1202295
28.51, 1199979
28.51, 1199950
28.52, 1199438
28.67, 1199326
28.73, 1198940
28.82, 1198526
28.85, 1183337
28.87, 1181691
29.41, 1181245
29.87, 1180928
29.88, 1179596
30.0, 1179516
30.07, 1179481
30.46, 1177297
30.94, 1177240
31.35, 1176614
31.37, 1165516
31.55, 1165383
31.63, 1165209
31.7, 1163098
31.71, 1155607
31.78, 1155560
31.84, 1155374
31.9, 1154665
32.05, 1154353
32.18, 1148221
32.33, 1145227
32.34, 1144746
32.72, 1144718
32.85, 1144179
33.25, 1143334
33.46, 1142730
33.85, 1142524
33.99, 1142354
34.26, 1139920
34.37, 1139653
36.3, 1139593
36.68, 1137874
38.57, 1137844
38.82, 1137841
41.33, 1137830
42.03, 1137458
44.14, 1137210
44.73, 1135629
45.71, 1134653
45.76, 1134332
46.14, 1133434
46.33, 1132328
46.57, 1129548
46.78, 1128729
47.0, 1128518
47.07, 1128450
47.13, 1124841
47.45, 1124614
47.9, 1123544
48.15, 1121539
48.23, 1120449
48.29, 1120233
48.49, 1119505
48.51, 1118865
48.57, 1118655
49.0, 1116378
49.62, 1115840
50.26, 1115838
50.54, 1115463
51.13, 1115314
51.77, 1115063
53.81, 1114719
53.86, 1114538
53.88, 1114505
54.17, 1114249
54.56, 1114153
54.65, 1113612
54.9, 1113275
55.97, 1112957
56.03, 1112582
56.09, 1112338
56.3, 1112262
56.38, 1111345
56.43, 1110289
57.53, 1108927
58.91, 1108581
58.91, 1108294
61.95, 1108223
64.18, 1107574
64.67, 1107484
64.76, 1107310
65.13, 1107170
65.91, 1105833
66.02, 1104485
66.84, 1104450
68.09, 1104182
68.1, 1104181
68.93, 1104181
69.8, 1104112
69.99, 1103395
70.06, 1103384
71.67, 1100792
71.98, 1100004
73.23, 1098944
74.1, 1098775
78.15, 1098092
80.23, 1097032
80.61, 1096518
80.74, 1096195
81.05, 1096055
