0.1, 2163685
10.4, 1837216
15.45, 1567348
20.83, 1398711
25.81, 1266602
31.49, 1227296
36.4, 1204018
41.55, 1184981
46.56, 1168974
51.59, 1154719
56.65, 1141194
61.65, 1129118
66.55, 1118075
71.51, 1107494
76.54, 1097712
81.66, 1089097
86.68, 1081521
91.65, 1074487
96.6, 1069602
101.56, 1064800
106.67, 1060311
111.61, 1056194
116.6, 1051551
124.21, 1047599
129.27, 1044651
134.49, 1042065
139.74, 1039763
145.05, 1030094
150.44, 1027859
155.8, 1025784
161.16, 1023155
166.35, 1021243
171.48, 1019603
176.58, 1018062
181.61, 1016989
186.67, 1015977
191.81, 1015071
196.9, 1014220
201.99, 1012631
206.99, 1011944
212.1, 1011379
217.13, 1010855
222.22, 1009460
227.51, 1009067
232.85, 1008748
237.82, 1008439
242.93, 1006436
248.23, 1005664
253.88, 1005361
258.99, 1005101
264.18, 1004871
269.49, 1004666
274.61, 1004163
279.89, 1003983
284.96, 1003806
290.26, 1003490
295.33, 1002218
300.53, 1001273
305.88, 1000444
311.05, 999854
316.44, 999630
321.57, 999450
326.7, 999243
331.61, 998611
336.53, 998450
341.49, 998202
346.55, 998065
351.45, 997746
356.41, 997630
361.38, 997519
366.3, 997420
371.27, 997357
376.24, 997300
381.24, 997253
386.17, 997206
391.04, 997133
395.93, 997089
400.81, 996721
405.71, 995858
410.68, 994812
415.53, 993903
420.39, 992704
425.28, 991886
430.19, 991390
435.11, 989378
439.99, 988809
444.86, 988243
449.75, 987089
454.59, 986870
459.47, 986827
464.35, 986797
469.16, 986466
474.04, 986334
478.94, 986312
483.8, 986311
488.74, 985493
493.67, 985445
498.59, 985425
532.98, 985242
537.83, 985021
543.1, 984630
548.01, 984504
552.89, 984470
557.77, 984413
562.72, 984397
567.72, 984375
572.63, 984078
577.69, 984045
592.55, 983640
597.45, 983121
602.52, 981387
