0.02, 2063057
3.92, 1762172
5.82, 1507367
7.74, 1442996
9.65, 1415500
11.58, 1285487
13.54, 1261085
15.5, 1242999
17.44, 1225775
19.37, 1208634
21.29, 1195824
23.25, 1182483
25.18, 1169744
27.13, 1142061
29.08, 1130365
31.01, 1122982
33.06, 1115921
35.05, 1109407
37.05, 1103624
39.06, 1098233
41.06, 1092940
43.38, 1088605
45.45, 1084633
47.55, 1082254
49.63, 1080023
51.69, 1070136
53.75, 1068176
55.84, 1066265
57.91, 1064674
59.98, 1063132
62.06, 1061706
64.14, 1060399
66.22, 1059243
68.31, 1058264
70.4, 1057057
72.48, 1056122
74.56, 1054036
76.64, 1053130
78.71, 1052279
80.8, 1050691
83.2, 1049850
85.28, 1049076
87.35, 1048355
89.43, 1047668
91.49, 1047103
93.56, 1046461
95.68, 1045948
97.81, 1045501
99.91, 1045064
102.02, 1044599
104.11, 1043926
106.2, 1043533
108.28, 1043222
110.39, 1042928
112.47, 1041828
114.57, 1040774
116.69, 1040490
118.78, 1040230
120.88, 1039989
122.98, 1039770
125.51, 1039416
127.89, 1039186
130.35, 1038978
132.8, 1038347
135.22, 1037668
137.64, 1036535
140.05, 1036369
142.71, 1036248
145.43, 1036144
148.04, 1036045
150.8, 1035946
153.64, 1014766
156.47, 1007660
159.34, 1005519
162.28, 1004008
165.1, 1003763
167.91, 1003679
170.73, 1003384
173.53, 1000924
176.34, 999957
179.14, 999061
181.96, 998791
184.76, 998588
187.57, 998153
190.38, 997876
193.18, 997829
195.97, 997785
198.77, 997177
201.57, 996949
204.38, 996287
207.19, 995912
210.0, 995632
212.8, 995596
215.62, 995223
218.43, 995192
221.25, 995170
224.07, 995159
226.87, 995154
229.68, 995151
285.85, 995117
288.66, 994123
291.47, 993965
294.28, 993827
297.1, 992120
299.91, 991607
302.72, 991374
305.53, 991278
308.34, 991213
311.14, 991179
313.94, 991049
316.75, 990792
319.56, 990593
322.36, 990493
325.15, 990350
327.95, 990196
330.76, 990185
333.57, 990180
336.37, 990176
420.63, 990053
423.44, 989778
426.26, 989418
429.07, 989109
431.86, 988972
434.67, 988940
437.48, 988918
440.29, 988912
