0.06, 1918017
8.57, 1597053
12.9, 1421112
17.58, 1391437
22.52, 1363978
28.11, 1349231
33.29, 1335609
38.46, 1323035
43.8, 1311388
49.39, 1300518
54.65, 1290186
59.84, 1281695
64.86, 1274374
70.06, 1267923
75.17, 1262065
80.42, 1257504
85.67, 1253378
90.87, 1250080
95.96, 1247048
100.94, 1244028
105.95, 1241708
110.85, 1239694
115.87, 1237778
120.79, 1233309
125.82, 1231398
130.9, 1229560
136.25, 1228003
141.59, 1226463
146.58, 1207755
151.84, 1204227
156.94, 1202641
162.19, 1197080
167.09, 1195641
172.03, 1194354
176.94, 1193189
181.81, 1192104
186.64, 1191061
191.47, 1190098
196.41, 1189193
201.36, 1188303
206.58, 1187214
211.88, 1186317
216.95, 1185436
221.97, 1184567
227.0, 1183715
232.12, 1182127
237.16, 1181440
242.24, 1180764
247.31, 1180275
252.34, 1179803
257.49, 1179410
262.65, 1179026
267.95, 1178668
273.23, 1178023
278.44, 1177672
283.52, 1176522
288.81, 1176195
294.05, 1175935
299.27, 1175728
305.43, 1175096
310.86, 1173969
316.59, 1173805
321.94, 1173647
327.55, 1173473
333.33, 1173326
338.83, 1173199
344.13, 1173047
349.34, 1171607
354.57, 1168827
359.58, 1168728
365.17, 1168651
370.74, 1168586
375.89, 1168539
380.78, 1168517
385.85, 1168500
391.03, 1168494
396.07, 1168489
401.13, 1168415
406.23, 1168414
411.35, 1167190
416.35, 1167129
421.4, 1166690
426.45, 1166639
431.46, 1166401
436.4, 1166337
441.43, 1165942
446.39, 1165896
451.49, 1165169
456.51, 1164618
461.6, 1164426
466.68, 1164363
471.73, 1164362
476.81, 1163427
481.83, 1163401
