0.18, 1866747
1.31, 1865849
1.32, 1864943
1.33, 1861426
1.33, 1854347
1.36, 1852359
1.36, 1850128
1.36, 1849318
1.37, 1848689
1.4, 1836722
1.41, 1835254
1.41, 1834222
1.41, 1833669
1.43, 1832068
1.43, 1831662
1.44, 1830847
1.47, 1829389
1.47, 1829076
1.48, 1828023
1.49, 1824818
1.51, 1824342
1.51, 1823348
1.52, 1823347
1.54, 1819927
1.54, 1819003
1.55, 1809083
1.56, 1804946
1.6, 1803656
1.61, 1803540
1.61, 1801293
1.62, 1798194
1.62, 1797005
1.65, 1794271
1.66, 1788383
1.72, 1787270
1.75, 1786819
1.78, 1781682
1.82, 1779934
1.83, 1772102
1.91, 1771524
1.92, 1766265
1.94, 1766215
1.94, 1763960
1.97, 1762804
2.02, 1762581
2.04, 1762552
2.04, 1761934
2.08, 1699046
2.08, 1695523
2.11, 1695515
2.14, 1690156
2.16, 1688477
2.17, 1687538
2.17, 1687261
2.19, 1680082
2.23, 1678176
2.27, 1657989
2.28, 1654976
2.28, 1654914
2.3, 1653640
2.3, 1652917
2.31, 1652805
2.31, 1652056
2.35, 1650187
2.37, 1649644
2.38, 1646072
2.39, 1642067
2.39, 1641611
2.4, 1639797
2.43, 1639740
2.43, 1635040
2.47, 1634886
2.51, 1633337
2.51, 1629161
2.52, 1628676
2.53, 1627664
2.56, 1627663
2.57, 1623090
2.58, 1622899
2.61, 1617186
2.61, 1616939
2.62, 1616383
2.62, 1615668
2.63, 1592236
2.63, 1591308
2.66, 1584059
2.66, 1582858
2.66, 1580600
2.66, 1576102
2.66, 1575933
2.7, 1574608
2.75, 1573906
2.76, 1573392
2.76, 1568719
2.78, 1567707
2.79, 1563157
2.81, 1559643
2.82, 1549367
2.84, 1547137
2.85, 1546794
2.91, 1545922
2.91, 1545711
2.97, 1545705
2.99, 1545431
2.99, 1545065
2.99, 1544860
2.99, 1544608
3.02, 1543326
3.03, 1542907
3.05, 1542330
3.07, 1541959
3.08, 1541328
3.08, 1541183
3.1, 1539888
3.13, 1539434
3.13, 1539232
3.14, 1538816
3.14, 1537644
3.23, 1533229
3.24, 1532913
3.24, 1531529
3.37, 1528882
3.4, 1528814
3.43, 1528595
3.47, 1528372
3.47, 1528234
3.5, 1528140
3.53, 1527960
3.57, 1527464
3.59, 1527220
3.6, 1527135
3.64, 1527087
3.68, 1526783
3.68, 1519483
3.69, 1509734
3.69, 1509293
3.75, 1508375
3.75, 1506544
3.8, 1505347
3.85, 1504910
3.86, 1504203
3.88, 1504048
3.94, 1502772
3.95, 1502576
3.95, 1501169
4.01, 1500678
4.01, 1500231
4.02, 1499207
4.03, 1493866
4.05, 1493150
4.09, 1493019
4.16, 1492989
4.17, 1492242
4.2, 1491822
4.24, 1491704
4.29, 1490537
4.31, 1490422
4.46, 1489203
4.5, 1488894
4.55, 1487715
4.61, 1486877
4.64, 1484568
4.66, 1484435
4.66, 1484181
4.67, 1484110
4.68, 1483321
4.69, 1482944
4.74, 1481767
4.75, 1476650
4.78, 1476555
4.8, 1476238
4.84, 1476153
4.87, 1462053
4.94, 1458386
4.97, 1457842
4.97, 1457217
4.98, 1455153
4.98, 1454268
5.01, 1450729
5.02, 1447142
5.02, 1441603
5.05, 1439889
5.06, 1439630
5.07, 1439290
5.07, 1436543
5.09, 1436416
5.14, 1435981
5.18, 1434981
5.21, 1434412
5.24, 1434178
5.32, 1431545
5.34, 1429700
5.37, 1429485
5.38, 1404771
5.45, 1404160
5.45, 1403558
5.46, 1403260
5.48, 1403202
5.51, 1392857
5.65, 1387413
5.65, 1384788
5.69, 1384614
5.7, 1344965
5.73, 1343786
5.82, 1343176
5.84, 1342974
5.84, 1342440
5.91, 1335582
5.93, 1333930
5.95, 1324342
5.98, 1324096
6.05, 1323883
6.07, 1315789
6.08, 1313754
6.13, 1312560
6.14, 1309292
6.19, 1309155
6.2, 1309027
6.3, 1307470
6.31, 1300298
6.4, 1299741
6.41, 1299581
6.42, 1298465
6.43, 1298119
6.51, 1296322
6.52, 1295144
6.55, 1294868
6.58, 1293744
6.61, 1261793
6.64, 1261621
6.71, 1260464
6.72, 1260344
6.76, 1251422
6.79, 1248175
6.8, 1247759
6.81, 1247319
6.86, 1247042
6.87, 1245905
6.9, 1240799
6.93, 1240605
6.93, 1240395
7.01, 1240269
7.01, 1236031
7.07, 1234597
7.08, 1233216
7.15, 1230384
7.19, 1228895
7.26, 1228743
7.29, 1227795
7.31, 1225969
7.31, 1225457
7.33, 1225091
7.37, 1224837
7.38, 1209950
7.45, 1209038
7.48, 1209009
7.48, 1208944
7.51, 1207306
7.57, 1207113
7.63, 1204740
7.64, 1203933
7.67, 1203378
7.7, 1203026
7.76, 1201272
7.77, 1201181
7.79, 1198372
7.81, 1198234
7.88, 1187792
7.89, 1186253
7.91, 1185882
7.92, 1184291
7.95, 1184108
7.97, 1183791
8.25, 1183462
8.27, 1180655
8.3, 1180072
8.6, 1176681
8.63, 1171753
8.64, 1170887
8.68, 1169895
8.72, 1169609
8.75, 1169328
8.78, 1169070
8.95, 1168375
8.97, 1167002
9.08, 1159825
9.14, 1155572
9.15, 1153103
9.15, 1152713
9.27, 1152138
9.41, 1151770
9.49, 1151071
9.59, 1151068
9.59, 1150690
9.66, 1149889
9.72, 1149574
9.81, 1144211
9.9, 1143207
10.01, 1139872
10.08, 1139067
10.11, 1138537
10.12, 1132648
10.2, 1132359
10.2, 1131893
10.22, 1129998
10.38, 1129923
10.43, 1129650
10.47, 1129524
10.48, 1121683
10.52, 1121311
10.55, 1121039
10.68, 1120498
10.79, 1111056
10.85, 1110951
10.89, 1110714
11.22, 1110588
11.27, 1110455
11.33, 1109623
11.37, 1109212
11.52, 1108633
11.56, 1108447
11.63, 1107762
11.71, 1107755
11.89, 1107713
11.95, 1107630
12.05, 1106834
12.08, 1103297
12.13, 1101045
12.16, 1100332
12.17, 1099655
12.19, 1098431
12.39, 1097959
12.43, 1092241
12.51, 1091041
12.9, 1090955
12.93, 1090764
12.97, 1090529
13.34, 1090367
13.38, 1089940
13.47, 1089504
13.55, 1088738
13.59, 1088288
14.15, 1087535
14.36, 1087095
14.62, 1083663
14.67, 1083477
14.72, 1083141
14.74, 1082610
14.82, 1081819
14.95, 1081776
15.01, 1078924
15.18, 1078640
15.23, 1078220
15.62, 1078215
16.19, 1078184
16.44, 1077943
17.28, 1076600
17.31, 1076494
17.4, 1074607
17.4, 1072790
17.76, 1072755
17.79, 1072612
17.86, 1072543
18.09, 1072443
18.72, 1071402
18.85, 1071353
19.82, 1071160
19.98, 1070559
20.05, 1069261
20.24, 1069181
20.41, 1067868
21.41, 1067369
21.63, 1067203
21.81, 1060272
21.81, 1059535
21.85, 1057202
21.98, 1056826
22.14, 1056780
22.42, 1056620
22.6, 1056601
22.97, 1056169
23.67, 1055978
24.37, 1055481
24.8, 1055257
24.82, 1055135
24.96, 1054145
25.03, 1053801
25.26, 1052525
25.34, 1051586
25.4, 1051000
25.5, 1050980
25.75, 1047640
25.87, 1047529
26.11, 1044265
26.32, 1044001
26.56, 1043825
26.67, 1043729
26.89, 1043726
26.95, 1042332
27.01, 1038867
27.86, 1038744
27.89, 1037764
28.63, 1037685
28.68, 1037431
29.04, 1036751
29.14, 1036324
29.14, 1036048
30.43, 1035847
30.9, 1035816
31.34, 1034959
31.67, 1034018
32.58, 1033682
32.61, 1033419
33.66, 1033006
33.79, 1030837
33.87, 1030768
33.89, 1029834
33.99, 1029556
35.08, 1029363
37.38, 1029214
42.87, 1028939
