0.02, 2163685
0.16, 2156299
0.16, 2155150
0.16, 2154493
0.16, 2149979
0.17, 2148469
0.17, 2147200
0.17, 2137525
0.18, 2135559
0.18, 2131340
0.19, 2130740
0.19, 2128511
0.19, 2120793
0.19, 2120328
0.2, 2119758
0.2, 2114926
0.2, 2114341
0.21, 2097832
0.21, 2096331
0.21, 2087072
0.22, 2086600
0.23, 2084090
0.23, 1957640
0.24, 1957254
0.25, 1953410
0.25, 1952468
0.26, 1951943
0.26, 1949804
0.35, 1947216
0.36, 1944752
0.36, 1942688
0.37, 1938540
0.38, 1937574
0.4, 1935174
0.41, 1933210
0.41, 1931234
0.41, 1929345
0.44, 1928851
0.44, 1925531
0.45, 1919838
0.45, 1919463
0.46, 1919399
0.48, 1886624
0.51, 1885339
0.52, 1884758
0.53, 1882428
0.53, 1877394
0.54, 1876896
0.54, 1872712
0.57, 1871110
0.57, 1866551
0.61, 1865031
0.64, 1846301
0.64, 1845614
0.65, 1844492
0.65, 1844265
0.67, 1842159
0.67, 1841785
0.68, 1839155
0.72, 1838995
0.73, 1827213
0.73, 1827188
0.74, 1827098
0.75, 1826161
0.75, 1820683
0.75, 1818536
0.75, 1816812
0.76, 1816773
0.76, 1808732
0.76, 1805530
0.8, 1799728
0.81, 1798417
0.85, 1793742
0.86, 1793242
0.86, 1791862
0.87, 1790813
0.87, 1789894
0.89, 1789573
0.93, 1783518
0.93, 1783184
0.93, 1771301
0.94, 1771235
0.94, 1769865
0.95, 1769817
0.95, 1768492
0.96, 1762977
0.99, 1760363
1.0, 1759877
1.0, 1759827
1.03, 1758563
1.04, 1758542
1.05, 1757609
1.07, 1757114
1.07, 1756862
1.07, 1756716
1.09, 1754523
1.1, 1752017
1.13, 1751995
1.13, 1750828
1.15, 1750119
1.18, 1745207
1.19, 1742578
1.22, 1742053
1.23, 1740805
1.25, 1740786
1.28, 1739836
1.36, 1736812
1.39, 1736215
1.4, 1731449
1.45, 1730192
1.45, 1729650
1.45, 1728411
1.45, 1709581
1.46, 1709546
1.49, 1706615
1.51, 1704600
1.53, 1704313
1.54, 1704104
1.55, 1694569
1.55, 1692653
1.56, 1692605
1.6, 1684993
1.6, 1684246
1.63, 1683472
1.64, 1683126
1.66, 1663978
1.67, 1662955
1.69, 1658653
1.73, 1658224
1.74, 1655178
1.74, 1655134
1.74, 1655126
1.75, 1654040
1.82, 1653921
1.84, 1653559
1.87, 1652929
1.87, 1650317
1.87, 1646945
1.9, 1639085
1.92, 1638762
1.92, 1636069
1.92, 1633113
1.92, 1630125
1.94, 1628685
1.94, 1627584
1.95, 1625424
1.95, 1625159
1.95, 1623459
1.96, 1617742
1.97, 1617518
1.98, 1602641
1.99, 1601790
2.01, 1599837
2.03, 1597916
2.03, 1597891
2.05, 1597686
2.07, 1594837
2.07, 1594326
2.1, 1593875
2.1, 1587450
2.1, 1583527
2.15, 1581567
2.2, 1580570
2.25, 1576387
2.26, 1575787
2.26, 1575634
2.26, 1575148
2.28, 1573588
2.29, 1573163
2.29, 1573155
2.29, 1572507
2.31, 1572097
2.32, 1570333
2.36, 1569818
2.36, 1568714
2.36, 1568232
2.4, 1567955
2.44, 1559881
2.45, 1557970
2.49, 1557490
2.49, 1555155
2.53, 1554310
2.56, 1553751
2.56, 1550861
2.58, 1548657
2.64, 1547188
2.69, 1544098
2.74, 1543054
2.78, 1542653
2.8, 1538979
2.81, 1535000
2.82, 1531735
2.82, 1531574
2.85, 1521923
2.86, 1521575
2.89, 1520625
2.95, 1520486
2.99, 1520006
3.0, 1518788
3.03, 1517033
3.03, 1516967
3.03, 1514685
3.06, 1514684
3.06, 1513775
3.09, 1502875
3.09, 1498556
3.09, 1497158
3.13, 1494639
3.19, 1491930
3.24, 1486187
3.27, 1482492
3.32, 1481809
3.32, 1481076
3.35, 1480544
3.35, 1475368
3.43, 1475115
3.43, 1474846
3.47, 1474147
3.54, 1473589
3.56, 1473253
3.66, 1470657
3.68, 1469535
3.72, 1468969
3.73, 1467824
3.76, 1467746
3.78, 1467237
3.81, 1466679
3.85, 1466293
3.85, 1465204
3.92, 1462423
4.03, 1458757
4.03, 1457820
4.04, 1455736
4.15, 1455308
4.15, 1454710
4.15, 1451924
4.21, 1449608
4.21, 1444767
4.3, 1444624
4.37, 1444562
4.38, 1444460
4.43, 1444350
4.55, 1444035
4.56, 1432434
4.6, 1431947
4.6, 1430099
4.65, 1429299
4.73, 1427508
4.77, 1426427
4.81, 1425825
4.85, 1425766
4.85, 1425615
4.86, 1425555
5.08, 1424008
5.28, 1416864
5.34, 1408228
5.38, 1403384
5.4, 1402300
5.42, 1401488
5.53, 1400956
5.65, 1399676
5.67, 1399602
5.72, 1399404
5.73, 1398594
5.76, 1397762
5.83, 1397743
5.83, 1397457
6.01, 1396894
6.11, 1396786
6.27, 1396068
6.32, 1395571
6.33, 1394868
6.33, 1394825
6.4, 1394822
6.45, 1392835
6.54, 1392740
6.57, 1392726
6.57, 1392718
6.6, 1377578
6.63, 1377342
6.64, 1376667
6.64, 1376613
6.65, 1376556
7.03, 1375916
7.05, 1373356
7.11, 1372784
7.28, 1372664
7.33, 1371844
7.37, 1371529
7.4, 1362148
7.63, 1361612
7.74, 1361202
7.74, 1360590
7.85, 1360558
7.87, 1360211
7.89, 1358342
7.95, 1357986
8.04, 1357965
8.16, 1356881
8.22, 1356328
8.24, 1356119
8.39, 1355241
8.47, 1355137
8.49, 1354190
8.57, 1353901
8.6, 1353272
8.64, 1353146
8.69, 1353092
8.82, 1352807
8.93, 1351612
8.96, 1349609
9.01, 1349287
9.1, 1348831
9.14, 1345905
9.21, 1344327
9.24, 1340638
9.29, 1340603
9.31, 1340562
9.31, 1337955
9.37, 1337918
9.58, 1336438
9.58, 1335381
9.61, 1330790
9.68, 1330133
9.97, 1329818
10.01, 1329583
10.04, 1328848
10.16, 1328378
10.2, 1328187
10.27, 1327805
10.37, 1327052
10.55, 1325664
10.6, 1318708
10.7, 1318667
10.73, 1318090
10.9, 1317836
11.27, 1315512
11.29, 1315111
11.36, 1314932
11.41, 1314914
11.44, 1314739
11.85, 1314521
11.9, 1313587
11.92, 1313322
11.93, 1311991
12.18, 1309010
12.25, 1308859
12.53, 1308431
12.56, 1307987
12.64, 1305468
12.64, 1304983
12.66, 1302534
12.72, 1302201
12.87, 1302167
12.89, 1301868
13.11, 1301772
13.14, 1300674
13.48, 1300668
13.52, 1295910
13.55, 1294670
13.57, 1294581
13.58, 1294551
13.81, 1294320
13.82, 1294143
14.18, 1293369
14.2, 1291940
14.21, 1291828
14.46, 1291408
14.81, 1289311
14.85, 1288879
14.87, 1288704
15.2, 1288474
15.21, 1287736
15.34, 1286901
15.37, 1286847
15.53, 1285988
15.99, 1284864
16.14, 1284405
16.14, 1284403
16.17, 1283258
16.19, 1283003
16.21, 1282958
16.85, 1282328
17.15, 1281724
17.35, 1281399
17.52, 1281139
17.59, 1279630
17.59, 1279436
17.68, 1278816
17.73, 1275963
17.85, 1275080
17.88, 1275020
18.15, 1274457
18.55, 1273959
18.95, 1273898
19.01, 1273122
19.06, 1273032
19.09, 1271625
19.2, 1270929
19.28, 1270527
19.32, 1270470
19.32, 1269791
19.35, 1269520
19.35, 1267479
19.88, 1267443
19.96, 1267067
20.04, 1255806
20.04, 1255758
20.33, 1254934
20.37, 1254931
20.82, 1254536
21.0, 1253316
21.12, 1252599
21.12, 1252482
21.14, 1252255
21.46, 1251073
21.7, 1249820
21.8, 1248850
21.81, 1248036
22.45, 1247498
22.61, 1247305
22.62, 1247273
22.86, 1246999
23.12, 1246522
23.63, 1246453
23.7, 1245716
23.7, 1245052
23.79, 1244109
23.95, 1243973
24.48, 1243703
24.58, 1242405
24.81, 1242157
24.94, 1241883
25.24, 1240892
25.36, 1240678
25.67, 1240399
26.45, 1240077
26.46, 1239474
26.5, 1239052
26.95, 1239025
26.95, 1238519
27.09, 1238518
27.18, 1238434
27.2, 1238272
27.44, 1238170
27.55, 1236574
28.0, 1236102
28.39, 1235469
28.44, 1233973
28.9, 1232670
28.92, 1232519
28.95, 1231307
29.15, 1228849
29.3, 1227499
29.64, 1225656
30.04, 1225417
30.35, 1225241
30.36, 1225203
30.43, 1224688
30.48, 1224109
30.7, 1224031
31.69, 1222592
31.97, 1222107
32.02, 1220251
32.19, 1220204
32.23, 1218862
32.64, 1218152
33.01, 1217545
34.83, 1217198
35.73, 1214465
35.93, 1213656
35.93, 1212278
36.71, 1211882
37.51, 1211833
37.52, 1211752
37.63, 1211367
39.14, 1211310
39.51, 1210117
40.32, 1209934
41.93, 1208731
42.05, 1201499
42.21, 1198746
45.01, 1198699
46.33, 1198489
48.23, 1198214
48.33, 1197945
48.77, 1197916
49.94, 1197632
50.56, 1197527
51.22, 1196913
51.33, 1196512
52.57, 1196326
54.3, 1196202
54.41, 1195956
58.32, 1195068
61.46, 1194969
61.55, 1194621
67.82, 1193915
69.81, 1193042
71.96, 1192115
76.37, 1191763
83.66, 1191666
84.26, 1188012
86.17, 1185534
86.24, 1184223
87.32, 1182179
89.53, 1181997
90.04, 1181609
92.07, 1181213
94.14, 1178610
94.23, 1178097
94.52, 1176062
94.58, 1175274
95.47, 1173306
97.46, 1173063
98.13, 1172987
99.18, 1170507
99.62, 1170484
101.51, 1169656
102.52, 1169563
103.69, 1169446
107.64, 1168101
107.82, 1167083
107.99, 1166895
109.77, 1166464
