0.06, 1947613
10.31, 1634796
15.43, 1503518
20.41, 1420760
25.5, 1372544
30.58, 1346534
35.84, 1322624
41.08, 1300357
45.9, 1288416
50.91, 1277407
56.03, 1266344
60.88, 1255449
66.06, 1246724
70.98, 1239231
75.99, 1232786
80.85, 1226756
85.68, 1220984
90.54, 1210184
95.59, 1205080
101.02, 1200231
106.37, 1195909
111.26, 1192640
116.21, 1190264
121.27, 1188353
126.58, 1186907
131.66, 1185485
136.89, 1184086
142.03, 1182993
147.31, 1181239
152.26, 1058065
157.63, 1050832
162.78, 1049849
167.85, 1048943
172.94, 1048074
178.36, 1047223
183.94, 1045634
189.4, 1044831
195.02, 1043807
200.69, 1043119
206.2, 1042609
211.46, 1041994
216.38, 1041505
221.36, 1039604
226.27, 1037783
231.08, 1036803
235.9, 1036316
240.8, 1033615
245.86, 1032072
250.91, 1030773
256.09, 1029648
260.95, 1029213
265.75, 1028820
270.67, 1028475
275.53, 1028153
280.36, 1027805
285.29, 1027545
290.17, 1027297
295.02, 1027052
299.89, 1026856
304.74, 1026518
309.66, 1026310
314.6, 1025679
319.48, 1025533
324.28, 1025417
329.12, 1024368
334.13, 1004161
339.03, 1001689
344.0, 1000982
348.89, 1000428
353.94, 1000191
358.87, 999649
363.89, 999099
369.06, 998852
374.19, 998753
379.07, 998667
383.99, 998620
388.86, 998591
393.77, 998564
398.62, 998542
403.56, 998536
413.33, 998529
418.22, 998446
507.44, 997996
512.29, 997975
517.24, 997953
522.15, 997948
556.98, 997873
562.14, 997640
567.1, 996843
571.93, 996160
576.8, 995690
581.85, 995224
586.97, 994640
591.82, 993937
596.72, 993401
601.91, 993143
