0.06, 2220849
1.23, 2197422
1.23, 2197216
1.23, 2189983
1.26, 2187625
1.27, 2187185
1.29, 2185831
1.29, 2182756
1.29, 2180747
1.3, 2180271
1.31, 2176335
1.33, 2173906
1.33, 2170401
1.36, 2170026
1.38, 2163814
1.4, 2162224
1.4, 2159412
1.4, 2159349
1.4, 2153453
1.4, 2151044
1.4, 2147138
1.42, 2146932
1.43, 2144678
1.46, 2127916
1.49, 2121922
1.52, 2117949
1.53, 2117577
1.53, 2117399
1.53, 2115025
1.65, 2114173
1.65, 2104380
1.69, 2101714
1.75, 2101646
1.76, 2099822
1.76, 2097432
1.77, 2086459
1.77, 2061483
1.79, 2061353
1.8, 2046394
1.8, 2045839
1.83, 2041059
1.83, 2034361
1.83, 2029771
1.83, 2027244
1.85, 2027216
1.89, 2021977
1.92, 2019108
1.92, 2014952
1.94, 2013138
1.94, 2011149
1.94, 2010250
1.98, 2008994
1.99, 2007660
1.99, 2005531
2.01, 1999974
2.01, 1950842
2.01, 1950243
2.01, 1950020
2.03, 1939779
2.04, 1937998
2.05, 1937075
2.1, 1931749
2.1, 1929537
2.13, 1928163
2.26, 1927588
2.28, 1926662
2.31, 1926199
2.32, 1925925
2.34, 1925728
2.37, 1923692
2.42, 1922809
2.42, 1920020
2.43, 1919657
2.44, 1912576
2.45, 1912196
2.46, 1911603
2.48, 1901638
2.48, 1899960
2.49, 1899546
2.51, 1899417
2.51, 1895505
2.52, 1895174
2.53, 1893524
2.56, 1866814
2.56, 1866028
2.59, 1864429
2.59, 1863534
2.62, 1861456
2.63, 1859176
2.67, 1858200
2.68, 1858063
2.68, 1852226
2.69, 1843358
2.69, 1842800
2.73, 1828401
2.74, 1823525
2.78, 1822878
2.79, 1819165
2.81, 1816494
2.81, 1815621
2.82, 1792718
2.85, 1777422
2.86, 1775441
2.88, 1750900
2.9, 1750643
2.91, 1741782
2.91, 1740846
2.94, 1740784
2.94, 1736253
2.95, 1733579
2.95, 1724980
2.95, 1723920
2.96, 1723613
2.97, 1721706
3.0, 1707118
3.01, 1706488
3.02, 1705516
3.05, 1697688
3.06, 1696992
3.09, 1679650
3.12, 1679539
3.14, 1677021
3.14, 1644440
3.16, 1632436
3.16, 1631185
3.18, 1626825
3.24, 1626557
3.24, 1626184
3.24, 1626079
3.32, 1622437
3.32, 1620603
3.32, 1620471
3.32, 1617874
3.36, 1615975
3.42, 1615418
3.46, 1612169
3.47, 1608991
3.47, 1604079
3.51, 1602383
3.51, 1598570
3.54, 1598275
3.58, 1592753
3.58, 1592212
3.58, 1591841
3.59, 1584316
3.59, 1583941
3.6, 1557580
3.62, 1550108
3.63, 1548219
3.63, 1546899
3.64, 1545346
3.67, 1544934
3.72, 1544042
3.72, 1531726
3.74, 1526941
3.75, 1526824
3.75, 1525500
3.75, 1521811
3.78, 1520665
3.78, 1512442
3.8, 1511409
3.8, 1510844
3.82, 1510715
3.9, 1508564
3.94, 1507644
3.97, 1506915
3.97, 1506014
4.0, 1505646
4.0, 1505127
4.0, 1504643
4.04, 1504257
4.04, 1503116
4.04, 1500907
4.07, 1498508
4.09, 1497474
4.22, 1497250
4.3, 1495618
4.3, 1494862
4.34, 1493238
4.34, 1490272
4.34, 1489645
4.34, 1488631
4.35, 1486074
4.37, 1485454
4.37, 1485407
4.38, 1482253
4.4, 1480866
4.48, 1478373
4.73, 1477433
4.76, 1476848
4.82, 1475087
4.88, 1474014
4.88, 1470758
4.92, 1469889
4.97, 1469490
5.01, 1465818
5.02, 1464224
5.04, 1463152
5.15, 1463143
5.26, 1442398
5.29, 1442093
5.33, 1441896
5.52, 1440550
5.56, 1440529
5.56, 1440364
5.58, 1439823
5.63, 1438141
5.7, 1438027
5.73, 1437969
5.76, 1437790
5.77, 1427777
5.86, 1421691
5.87, 1420542
5.92, 1414670
6.04, 1414466
6.09, 1413001
6.12, 1412962
6.13, 1412358
6.15, 1412087
6.17, 1411607
6.28, 1410633
6.33, 1407360
6.33, 1403743
6.39, 1403715
6.4, 1403561
6.46, 1400712
6.52, 1400569
6.58, 1398754
6.59, 1394199
6.6, 1394192
6.62, 1392813
6.66, 1392781
6.74, 1392650
6.75, 1392607
6.77, 1392530
6.82, 1392510
6.85, 1392307
6.86, 1391659
6.87, 1389391
6.93, 1389174
6.94, 1388931
6.95, 1386189
6.99, 1381885
7.01, 1381326
7.07, 1379773
7.07, 1378016
7.13, 1378011
7.18, 1377751
7.27, 1377743
7.28, 1376774
7.33, 1375525
7.4, 1373671
7.43, 1370656
7.51, 1369831
7.51, 1368671
7.69, 1368657
7.85, 1368524
7.85, 1367879
7.87, 1366325
7.9, 1365404
7.98, 1365240
7.99, 1365033
8.02, 1360752
8.19, 1360298
8.28, 1359594
8.34, 1359170
8.37, 1357793
8.4, 1357340
8.42, 1356126
8.46, 1355619
8.48, 1354543
8.71, 1354499
8.71, 1352733
8.83, 1352731
8.9, 1349724
9.02, 1349196
9.06, 1343402
9.06, 1342378
9.09, 1341642
9.09, 1341290
9.1, 1340648
9.1, 1339855
9.15, 1339015
9.16, 1338565
9.16, 1338432
9.2, 1337870
9.31, 1336879
9.46, 1335017
9.47, 1332012
9.55, 1330982
9.55, 1330615
9.58, 1328084
9.61, 1327573
9.64, 1326326
9.65, 1326061
9.68, 1325322
9.79, 1324859
9.93, 1324429
9.96, 1324078
9.98, 1324023
10.12, 1323994
10.27, 1323343
10.27, 1323330
10.52, 1323158
10.55, 1321642
10.72, 1318371
10.93, 1316118
11.07, 1316020
11.1, 1314743
11.11, 1314025
11.31, 1310950
11.38, 1310522
11.48, 1308455
11.52, 1307805
11.65, 1307351
11.67, 1307086
11.72, 1306368
11.82, 1306302
12.11, 1306233
12.11, 1305076
12.13, 1305013
12.14, 1304870
12.21, 1304692
12.62, 1304395
12.78, 1304356
12.81, 1304248
12.88, 1302835
12.92, 1302791
13.01, 1301978
13.12, 1300939
13.35, 1300404
13.43, 1300339
13.43, 1300135
13.46, 1299925
13.65, 1299710
14.12, 1296823
14.18, 1290861
14.35, 1289666
14.4, 1288831
14.46, 1288348
14.53, 1288075
14.57, 1288044
14.58, 1287799
14.82, 1287788
14.87, 1287705
14.94, 1287656
15.16, 1287490
15.19, 1287407
15.24, 1286741
15.39, 1284769
15.46, 1283276
15.56, 1282994
15.59, 1282690
15.7, 1281775
15.72, 1281420
15.88, 1281117
16.07, 1278067
16.1, 1264109
16.21, 1264081
16.27, 1258602
16.4, 1257919
16.41, 1257262
16.43, 1256665
16.51, 1256359
16.54, 1256261
16.57, 1255766
16.68, 1254690
16.89, 1253350
16.98, 1249184
17.07, 1248409
17.09, 1247790
17.49, 1247007
17.51, 1246908
17.68, 1244853
17.71, 1244818
17.75, 1244650
17.85, 1240193
18.09, 1239541
18.12, 1235623
18.41, 1235048
18.69, 1233378
18.7, 1233338
18.94, 1233055
19.14, 1233033
19.17, 1230723
19.31, 1229524
19.33, 1229258
19.56, 1229112
19.57, 1228423
19.7, 1227517
19.74, 1225908
19.78, 1225071
19.9, 1225026
20.16, 1223433
20.5, 1223355
20.6, 1217405
20.64, 1216702
20.9, 1216650
20.95, 1207243
20.99, 1206095
21.02, 1205269
21.06, 1202844
21.09, 1202771
21.11, 1191460
21.2, 1188695
21.27, 1186184
21.38, 1183914
21.46, 1182565
21.55, 1178259
21.66, 1178144
21.71, 1172285
21.72, 1172213
21.94, 1165621
21.98, 1165532
22.07, 1164945
22.1, 1164609
22.22, 1164608
22.3, 1164082
22.41, 1159064
22.43, 1156952
22.5, 1156308
22.6, 1155945
22.71, 1155211
22.8, 1150701
23.27, 1150561
23.61, 1150339
24.08, 1150200
24.11, 1150143
24.36, 1150072
24.38, 1149809
24.48, 1149584
24.48, 1148889
24.61, 1148127
24.67, 1147717
24.71, 1145930
25.84, 1136749
25.88, 1131455
26.19, 1130444
26.65, 1128949
26.68, 1128715
26.9, 1119558
27.37, 1119538
27.72, 1118518
27.75, 1118457
28.34, 1118190
28.9, 1117842
29.28, 1117551
29.67, 1117538
29.72, 1117395
30.38, 1117187
30.4, 1116462
30.6, 1116430
30.68, 1116025
30.76, 1115999
30.88, 1113980
31.38, 1113484
31.65, 1113300
31.74, 1112641
32.58, 1111707
32.92, 1111470
33.0, 1111384
33.81, 1110987
33.83, 1108411
34.18, 1108408
34.31, 1107977
35.22, 1107952
35.42, 1107949
36.31, 1107883
36.42, 1107831
36.58, 1107160
37.16, 1106339
37.37, 1106058
39.93, 1105745
43.94, 1104267
46.23, 1104157
47.78, 1103616
53.3, 1103432
70.35, 1103410
