0.38, 2105129
1.27, 2104582
1.27, 2102702
1.28, 2102605
1.31, 2100978
1.33, 2099891
1.34, 2081723
1.34, 2073349
1.34, 2059949
1.34, 2059514
1.34, 2053371
1.35, 2052657
1.35, 2051918
1.35, 2051652
1.38, 2051533
1.38, 2051103
1.39, 2018616
1.4, 2018161
1.4, 2017237
1.46, 2012396
1.46, 1993401
1.49, 1992314
1.49, 1959348
1.5, 1954785
1.5, 1952363
1.5, 1946244
1.51, 1920723
1.51, 1918110
1.51, 1917968
1.54, 1915123
1.54, 1913843
1.56, 1913109
1.57, 1905704
1.58, 1905605
1.6, 1902495
1.6, 1901815
1.61, 1899558
1.62, 1895169
1.62, 1895108
1.62, 1895101
1.63, 1894892
1.65, 1894695
1.65, 1892233
1.65, 1891650
1.65, 1889770
1.66, 1888442
1.67, 1887915
1.67, 1886483
1.71, 1882658
1.71, 1873922
1.71, 1865146
1.71, 1864880
1.71, 1856542
1.72, 1854786
1.73, 1853089
1.74, 1851466
1.74, 1850518
1.74, 1848175
1.75, 1846748
1.75, 1841255
1.76, 1840171
1.78, 1835400
1.83, 1832216
1.83, 1829923
1.88, 1829806
1.89, 1825543
1.9, 1824109
1.9, 1822821
1.9, 1821961
1.91, 1817587
1.92, 1804913
1.93, 1804379
1.94, 1797224
1.96, 1796913
2.0, 1794234
2.01, 1787318
2.06, 1785397
2.07, 1785305
2.07, 1784302
2.07, 1779901
2.08, 1778849
2.15, 1778490
2.16, 1771913
2.16, 1770991
2.17, 1770452
2.17, 1770407
2.23, 1768687
2.24, 1767937
2.24, 1766589
2.24, 1763346
2.27, 1763030
2.28, 1753031
2.32, 1746129
2.32, 1745721
2.38, 1745156
2.41, 1744187
2.41, 1742180
2.41, 1735275
2.44, 1734152
2.45, 1733878
2.46, 1733543
2.46, 1727516
2.5, 1715876
2.53, 1713490
2.55, 1711406
2.55, 1710729
2.57, 1690539
2.63, 1690400
2.63, 1688442
2.63, 1687161
2.64, 1686094
2.68, 1679397
2.75, 1678925
2.78, 1678763
2.81, 1678308
2.81, 1678251
2.84, 1677346
2.86, 1675319
2.88, 1674071
2.91, 1673333
2.91, 1672486
2.93, 1671908
3.02, 1671625
3.03, 1666558
3.06, 1662546
3.1, 1657455
3.1, 1656954
3.12, 1652854
3.13, 1652642
3.17, 1649172
3.19, 1644399
3.19, 1641871
3.22, 1639235
3.22, 1639114
3.23, 1638328
3.25, 1638073
3.29, 1637477
3.32, 1610320
3.38, 1610003
3.38, 1608632
3.4, 1608227
3.45, 1607809
3.45, 1606427
3.51, 1600822
3.52, 1599013
3.52, 1589886
3.62, 1589678
3.62, 1588919
3.63, 1587387
3.63, 1586909
3.63, 1585451
3.66, 1585201
3.68, 1579466
3.68, 1579215
3.74, 1576241
3.75, 1575716
3.78, 1575692
3.78, 1575142
3.79, 1573519
3.81, 1573486
3.82, 1571696
3.85, 1571475
3.88, 1568363
3.93, 1567653
3.93, 1565263
3.94, 1564711
3.95, 1564624
3.95, 1548490
3.98, 1547523
3.98, 1546877
4.02, 1546845
4.04, 1545220
4.04, 1544622
4.05, 1544048
4.06, 1543944
4.13, 1541394
4.15, 1540945
4.18, 1540394
4.24, 1540267
4.35, 1540171
4.39, 1539640
4.4, 1528965
4.41, 1528918
4.45, 1518394
4.46, 1516965
4.48, 1514080
4.49, 1513976
4.55, 1513772
4.59, 1513703
4.59, 1513473
4.6, 1493168
4.64, 1492255
4.67, 1491231
4.72, 1488645
4.72, 1488387
4.72, 1488156
4.77, 1486521
4.79, 1482833
4.79, 1481374
4.82, 1478765
4.91, 1478646
4.92, 1474668
4.94, 1473596
4.94, 1472666
4.97, 1472655
5.03, 1471981
5.11, 1471541
5.14, 1468616
5.19, 1467932
5.19, 1465711
5.2, 1465684
5.23, 1465453
5.25, 1464320
5.28, 1464184
5.32, 1463660
5.32, 1463459
5.36, 1463292
5.36, 1462660
5.37, 1461511
5.41, 1459792
5.42, 1458653
5.5, 1455561
5.5, 1451593
5.55, 1451096
5.55, 1450622
5.58, 1449594
5.59, 1448527
5.72, 1448204
5.76, 1448090
5.88, 1447807
5.93, 1447157
5.96, 1447146
5.96, 1446937
6.04, 1446208
6.07, 1440789
6.09, 1440128
6.1, 1439261
6.38, 1439202
6.38, 1438684
6.43, 1430362
6.51, 1429317
6.63, 1429226
6.71, 1429155
6.82, 1429032
6.82, 1428930
6.84, 1428676
6.87, 1427895
6.9, 1419780
6.96, 1419177
6.97, 1417882
7.0, 1417065
7.03, 1414099
7.06, 1412885
7.22, 1412399
7.29, 1412357
7.32, 1411629
7.34, 1411207
7.38, 1410369
7.38, 1407413
7.43, 1406489
7.5, 1406435
7.56, 1402671
7.58, 1401677
7.66, 1396658
7.7, 1396261
7.71, 1395941
7.71, 1395810
7.75, 1395772
7.85, 1395060
7.85, 1394744
7.9, 1394626
7.93, 1394191
7.99, 1393779
7.99, 1393334
8.05, 1387508
8.16, 1386672
8.19, 1386649
8.22, 1386523
8.28, 1386507
8.35, 1385780
8.41, 1384990
8.42, 1383391
8.47, 1382661
8.8, 1382649
8.88, 1382045
8.92, 1381183
9.04, 1380452
9.15, 1378885
9.3, 1377674
9.35, 1376879
9.43, 1375993
9.61, 1375970
9.64, 1375796
9.71, 1375204
9.71, 1375204
9.75, 1366637
9.82, 1365774
9.83, 1364893
9.84, 1364820
9.89, 1357850
9.97, 1357718
10.05, 1357643
10.06, 1356794
10.21, 1356362
10.24, 1356353
10.24, 1356307
10.48, 1356175
10.68, 1355962
10.73, 1352094
10.74, 1351387
10.77, 1351341
10.83, 1350491
10.9, 1350490
10.94, 1349447
11.06, 1349327
11.07, 1348877
11.09, 1348675
11.17, 1348393
11.21, 1348385
11.3, 1348017
11.48, 1347759
11.6, 1347411
11.61, 1343464
11.68, 1343343
11.74, 1333986
11.77, 1333505
11.86, 1333419
11.95, 1331583
11.98, 1330837
12.3, 1325654
12.3, 1325629
12.33, 1325418
12.33, 1324866
12.42, 1323849
12.45, 1323158
12.56, 1323123
12.59, 1322626
12.62, 1312466
12.84, 1311832
12.88, 1311694
13.03, 1311686
13.2, 1311603
13.38, 1309979
13.44, 1306046
13.63, 1305901
13.64, 1303789
13.64, 1303643
13.78, 1303269
13.88, 1302436
13.89, 1298967
13.91, 1298846
13.97, 1296417
14.2, 1295378
14.33, 1295266
14.39, 1295073
14.58, 1294632
14.6, 1293911
14.74, 1293236
14.84, 1292328
14.98, 1292156
15.19, 1291863
15.19, 1272690
15.28, 1272001
15.29, 1271994
15.65, 1270999
15.74, 1270765
15.76, 1270232
15.79, 1269276
15.96, 1267609
16.0, 1267406
16.66, 1267315
16.81, 1267286
16.99, 1266431
17.1, 1266100
17.15, 1263451
17.23, 1263151
17.48, 1263077
17.73, 1262964
17.74, 1262944
17.76, 1259682
17.92, 1259614
18.12, 1258166
18.46, 1257214
18.5, 1240991
18.54, 1240859
18.56, 1239092
18.6, 1238992
18.71, 1234697
18.92, 1234649
19.71, 1234155
19.74, 1233945
19.98, 1231845
20.05, 1231171
20.48, 1231118
20.81, 1231015
21.04, 1230292
21.44, 1230286
21.44, 1230228
21.55, 1230220
21.64, 1230064
22.03, 1230033
22.1, 1229855
22.39, 1228967
22.39, 1228284
23.28, 1226928
23.35, 1226191
23.52, 1225679
23.83, 1224957
24.23, 1224795
25.27, 1224709
25.59, 1216599
26.11, 1216232
26.87, 1215869
27.43, 1215592
27.83, 1215458
27.85, 1215456
28.15, 1213400
28.47, 1213201
28.55, 1206145
29.12, 1206077
