0.02, 2063057
0.45, 2061019
0.45, 2057393
0.45, 2050899
0.45, 2047114
0.46, 2045656
0.46, 2045542
0.46, 2035453
0.47, 2027800
0.48, 2026000
0.48, 2024061
0.49, 2024040
0.49, 2023786
0.5, 2022133
0.5, 2019342
0.5, 2017724
0.5, 2016455
0.5, 2015347
0.51, 2013827
0.51, 2012478
0.51, 2007445
0.52, 2007290
0.52, 2005861
0.52, 2004587
0.53, 1999312
0.54, 1998345
0.54, 1997577
0.54, 1995454
0.54, 1986298
0.55, 1984565
0.56, 1982211
0.56, 1979526
0.56, 1979182
0.56, 1978135
0.56, 1977265
0.57, 1976094
0.57, 1967802
0.58, 1966721
0.58, 1966298
0.58, 1965704
0.59, 1932960
0.6, 1930198
0.6, 1929170
0.6, 1928191
0.61, 1925569
0.61, 1925526
0.61, 1924701
0.62, 1923747
0.62, 1917211
0.62, 1909106
0.62, 1900091
0.62, 1899971
0.63, 1899031
0.64, 1897961
0.64, 1896126
0.66, 1895517
0.67, 1894866
0.67, 1893425
0.67, 1891989
0.67, 1885783
0.68, 1885102
0.68, 1882634
0.7, 1880957
0.71, 1877356
0.71, 1876829
0.71, 1874861
0.71, 1874700
0.72, 1873724
0.72, 1869693
0.72, 1866608
0.72, 1864932
0.73, 1864439
0.74, 1863865
0.74, 1862132
0.75, 1861931
0.76, 1858579
0.76, 1858440
0.76, 1856954
0.76, 1848665
0.77, 1801969
0.78, 1792058
0.78, 1786953
0.79, 1782962
0.79, 1777083
0.8, 1776884
0.8, 1774508
0.81, 1768301
0.81, 1768268
0.82, 1763766
0.83, 1761058
0.83, 1760176
0.83, 1758794
0.84, 1750957
0.84, 1750741
0.87, 1750028
0.88, 1745642
0.88, 1743977
0.89, 1742736
0.9, 1740975
0.91, 1737219
0.92, 1736776
0.92, 1735028
0.93, 1734677
0.94, 1733100
0.94, 1732028
0.94, 1728988
0.95, 1728888
0.96, 1727965
0.98, 1727906
0.99, 1726463
0.99, 1724063
1.0, 1722915
1.0, 1708831
1.01, 1708531
1.01, 1708145
1.01, 1701858
1.03, 1701201
1.03, 1701017
1.04, 1698339
1.05, 1697635
1.07, 1696316
1.08, 1691831
1.08, 1689879
1.08, 1689443
1.08, 1689266
1.09, 1687258
1.1, 1684140
1.11, 1683729
1.11, 1682411
1.11, 1681590
1.14, 1679621
1.14, 1677703
1.14, 1675953
1.15, 1675381
1.16, 1674400
1.16, 1672411
1.18, 1671577
1.18, 1671227
1.18, 1668907
1.18, 1664991
1.18, 1664930
1.19, 1664255
1.19, 1663927
1.19, 1663618
1.19, 1660649
1.2, 1659560
1.2, 1659222
1.21, 1657076
1.22, 1655627
1.22, 1655476
1.22, 1655382
1.22, 1627891
1.24, 1627531
1.25, 1626679
1.25, 1625723
1.25, 1625483
1.28, 1625337
1.3, 1624892
1.31, 1623557
1.31, 1623202
1.31, 1622850
1.31, 1599850
1.32, 1598567
1.33, 1598219
1.33, 1596453
1.34, 1596223
1.36, 1595270
1.36, 1595135
1.4, 1594993
1.4, 1594829
1.42, 1587920
1.42, 1587624
1.42, 1587296
1.44, 1586661
1.45, 1585971
1.45, 1585583
1.45, 1583731
1.46, 1579663
1.46, 1577675
1.47, 1577191
1.48, 1573424
1.49, 1572939
1.49, 1571740
1.5, 1571704
1.5, 1571699
1.52, 1563874
1.56, 1563829
1.56, 1563629
1.57, 1563183
1.57, 1562800
1.59, 1558604
1.59, 1549245
1.6, 1548779
1.6, 1547870
1.64, 1547713
1.69, 1547382
1.71, 1546075
1.71, 1542912
1.72, 1541591
1.73, 1541570
1.73, 1540980
1.73, 1539094
1.8, 1538707
1.8, 1536644
1.81, 1535143
1.83, 1533397
1.83, 1531628
1.83, 1522980
1.84, 1520059
1.9, 1519467
1.9, 1517337
1.94, 1516954
1.96, 1514668
1.97, 1512282
1.98, 1512130
1.98, 1511550
2.03, 1511505
2.04, 1511080
2.05, 1510128
2.05, 1508302
2.06, 1507483
2.07, 1507218
2.09, 1506603
2.14, 1506129
2.19, 1506120
2.2, 1504779
2.2, 1504460
2.21, 1504117
2.26, 1503404
2.27, 1493654
2.28, 1489383
2.3, 1489328
2.36, 1489170
2.37, 1488671
2.38, 1487694
2.38, 1481470
2.4, 1481297
2.45, 1480206
2.45, 1479788
2.46, 1479636
2.51, 1473955
2.53, 1473844
2.54, 1472984
2.56, 1472356
2.57, 1471759
2.57, 1461290
2.57, 1458664
2.58, 1458550
2.61, 1457608
2.62, 1457202
2.64, 1457186
2.65, 1456723
2.65, 1456250
2.65, 1456070
2.66, 1455546
2.68, 1455526
2.7, 1454765
2.7, 1453229
2.71, 1451646
2.71, 1449704
2.72, 1449617
2.72, 1447977
2.72, 1445746
2.75, 1445247
2.76, 1442669
2.77, 1442371
2.77, 1441293
2.77, 1440335
2.78, 1436724
2.81, 1435616
2.81, 1433473
2.83, 1433457
2.87, 1433049
2.87, 1426035
2.91, 1425728
2.91, 1425723
2.92, 1422690
2.92, 1422120
2.93, 1418524
2.95, 1418127
2.97, 1417348
2.98, 1412414
2.98, 1412169
2.99, 1411890
3.0, 1400185
3.05, 1399105
3.06, 1399090
3.06, 1398764
3.07, 1398651
3.09, 1397859
3.13, 1396669
3.19, 1396407
3.21, 1394424
3.21, 1394422
3.22, 1393133
3.22, 1392819
3.25, 1392532
3.27, 1389752
3.28, 1389198
3.3, 1387500
3.31, 1385202
3.36, 1384674
3.36, 1384382
3.4, 1384215
3.42, 1383312
3.44, 1382422
3.45, 1381515
3.46, 1380721
3.58, 1373937
3.69, 1373571
3.72, 1373223
3.73, 1372681
3.8, 1372200
3.82, 1370275
3.92, 1369949
3.96, 1367819
4.08, 1367562
4.13, 1364606
4.13, 1363943
4.22, 1363915
4.23, 1363661
4.26, 1363380
4.33, 1363270
4.34, 1354699
4.34, 1353998
4.36, 1351569
4.36, 1351326
4.41, 1344629
4.41, 1340237
4.42, 1339904
4.42, 1339841
4.45, 1338520
4.57, 1337418
4.63, 1337124
4.65, 1336497
4.66, 1334947
4.68, 1332423
4.73, 1329283
4.74, 1329165
4.81, 1328855
4.84, 1328571
4.87, 1328537
4.9, 1328510
4.93, 1326214
4.95, 1325850
4.96, 1325468
4.99, 1325287
5.01, 1325197
5.04, 1325021
5.05, 1324479
5.14, 1324437
5.2, 1324385
5.23, 1324164
5.25, 1323118
5.33, 1321947
5.33, 1321946
5.37, 1321780
5.38, 1319733
5.43, 1319082
5.44, 1318304
5.44, 1317221
5.45, 1316176
5.49, 1315838
5.49, 1315280
5.5, 1313275
5.5, 1313221
5.51, 1312604
5.56, 1310158
5.59, 1310052
5.62, 1303654
5.63, 1299161
5.66, 1298935
5.68, 1297841
5.69, 1295412
5.7, 1294206
5.71, 1275118
5.71, 1274426
5.8, 1274007
5.82, 1273814
5.85, 1273689
5.89, 1273624
5.96, 1273591
5.97, 1271050
6.02, 1270131
6.13, 1270033
6.33, 1269671
6.36, 1269069
6.43, 1267666
6.45, 1267165
6.45, 1266626
6.46, 1266346
6.5, 1265872
6.56, 1265068
6.77, 1265060
6.88, 1264958
6.99, 1264831
7.03, 1264137
7.03, 1262022
7.1, 1225001
7.46, 1224946
7.53, 1224789
7.55, 1223693
7.7, 1223632
8.16, 1223518
8.25, 1222933
8.4, 1222707
8.48, 1222619
8.54, 1221546
8.54, 1221009
8.71, 1219749
9.16, 1218376
9.99, 1217904
10.07, 1217624
10.19, 1217591
11.28, 1216484
11.79, 1215959
12.23, 1215612
12.85, 1214685
13.51, 1214472
13.65, 1214167
14.43, 1211266
14.66, 1210608
15.33, 1210370
15.34, 1205993
15.38, 1205698
15.48, 1200378
15.63, 1200186
16.1, 1198336
16.14, 1194465
16.26, 1193155
16.35, 1193153
16.59, 1191712
16.94, 1191280
17.32, 1189479
18.03, 1189243
18.13, 1189194
18.37, 1187415
18.78, 1185303
19.74, 1184972
20.14, 1183750
20.83, 1181233
20.95, 1180997
21.48, 1180937
21.57, 1180733
22.07, 1180723
22.08, 1180299
22.97, 1178713
23.79, 1178525
24.71, 1176795
25.06, 1176227
