0.07, 1291707
0.81, 1289899
0.82, 1284503
0.85, 1277275
0.86, 1273701
0.91, 1265432
0.92, 1262665
0.94, 1250736
0.95, 1249918
0.95, 1247296
0.95, 1243649
0.97, 1241920
1.01, 1238811
1.05, 1233646
1.08, 1232688
1.09, 1218534
1.12, 1218494
1.16, 1215022
1.17, 1213516
1.17, 1212963
1.2, 1210818
1.23, 1210221
1.23, 1209494
1.23, 1207831
1.26, 1201176
1.26, 1189537
1.26, 1185302
1.28, 1184307
1.28, 1160214
1.31, 1157244
1.32, 1155082
1.33, 1149744
1.34, 1148090
1.42, 1146995
1.43, 1143808
1.48, 1138637
1.48, 1130638
1.51, 1129823
1.53, 1126241
1.55, 1102118
1.6, 1099675
1.62, 1097475
1.74, 1085706
1.79, 1082667
1.81, 1079523
1.83, 1071986
1.83, 1068826
1.84, 1068362
2.0, 1068120
2.09, 1067401
2.1, 1054070
2.27, 1053853
2.82, 1053814
2.86, 1051553
2.96, 1043616
