0.0, 1291707
0.89, 1244725
1.28, 1185098
1.65, 1157174
2.04, 1116532
2.44, 1109537
2.83, 1102000
3.21, 1096007
3.59, 1090528
3.97, 1086901
4.35, 1083365
4.76, 1080788
5.14, 1077875
5.54, 1074584
5.92, 1072767
6.33, 1071156
6.72, 1070231
7.08, 1069353
7.46, 1068522
7.84, 1068305
8.22, 1068152
8.6, 1068113
15.36, 1045066
15.74, 1000997
16.13, 987392
16.52, 972957
16.87, 970970
17.27, 958880
17.66, 958041
18.23, 958002
356.52, 954141
356.89, 947159
357.3, 945026
357.7, 944479
358.09, 944263
358.47, 944223
358.84, 944183
375.98, 934280
376.36, 904073
376.73, 900727
377.13, 900170
377.5, 899624
377.89, 899147
378.28, 899107
