0.0, 1408572
0.85, 1407459
0.86, 1402155
0.88, 1391962
0.9, 1389998
0.94, 1388430
0.98, 1383164
0.99, 1379786
0.99, 1378094
0.99, 1375758
1.01, 1375173
1.04, 1372144
1.1, 1371375
1.1, 1371356
1.1, 1366201
1.13, 1358655
1.17, 1356229
1.17, 1356219
1.17, 1332958
1.17, 1332786
1.17, 1332616
1.17, 1331913
1.27, 1329687
1.27, 1319015
1.29, 1318660
1.35, 1311360
1.4, 1308454
1.4, 1295413
1.4, 1289336
1.42, 1286222
1.43, 1285975
1.43, 1285701
1.45, 1275591
1.46, 1274072
1.49, 1269206
1.53, 1268269
1.64, 1267113
1.64, 1263327
1.68, 1259993
1.7, 1255000
1.71, 1254609
1.74, 1252536
1.79, 1251221
2.0, 1250534
2.29, 1250481
2.37, 1249581
