0.0, 1508837
0.42, 1508517
0.42, 1508423
0.42, 1508002
0.42, 1507983
0.42, 1505161
0.43, 1501795
0.43, 1501658
0.43, 1499948
0.45, 1494244
0.45, 1491050
0.46, 1488749
0.46, 1488363
0.47, 1488261
0.47, 1487067
0.48, 1480549
0.48, 1477753
0.49, 1473498
0.49, 1473489
0.49, 1468943
0.49, 1468937
0.51, 1452298
0.51, 1448616
0.51, 1446853
0.51, 1446515
0.51, 1426097
0.52, 1396019
0.54, 1388380
0.54, 1376681
0.56, 1372460
0.56, 1367458
0.56, 1367072
0.58, 1366880
0.59, 1366635
0.59, 1366244
0.59, 1366236
0.59, 1365761
0.59, 1364169
0.6, 1364116
0.61, 1357492
0.61, 1357193
0.62, 1347193
0.62, 1347133
0.63, 1343146
0.64, 1342061
0.64, 1340371
0.65, 1339172
0.65, 1338977
0.68, 1334139
0.69, 1326380
0.7, 1305450
0.73, 1305206
0.75, 1292473
0.75, 1291839
0.78, 1271054
0.78, 1267209
0.8, 1261172
0.83, 1248041
0.84, 1244544
0.84, 1236860
0.86, 1231907
0.89, 1231165
0.9, 1229115
0.93, 1228495
0.96, 1224171
0.97, 1223594
1.01, 1220177
1.03, 1218327
1.05, 1218094
1.06, 1217632
1.06, 1217386
1.08, 1209355
1.15, 1209321
1.17, 1206679
1.18, 1205742
1.2, 1203241
1.21, 1202819
1.26, 1202518
1.26, 1201588
1.27, 1199533
1.31, 1198105
1.42, 1193424
1.49, 1193384
1.72, 1192649
1.82, 1188120
