17.2, 6053943
17.2, 6048868
17.2, 6023599
17.2, 5911252
17.2, 5909042
17.21, 5883979
17.21, 5881770
17.21, 5880288
17.22, 5877371
17.22, 5860713
17.24, 5805533
17.25, 5803323
17.27, 5792131
17.27, 5792094
17.31, 5790542
17.31, 5790505
17.42, 5783538
17.42, 5781948
17.43, 5771209
17.43, 5769620
17.46, 5748563
17.49, 5734457
17.5, 5732867
18.39, 5722502
18.39, 5698892
18.41, 5697303
19.05, 5690583
19.06, 5688994
20.92, 5688249
21.7, 5684445
21.7, 5682855
22.69, 5680752
22.7, 5679162
22.77, 5658154
22.77, 5656565
23.16, 5639779
25.69, 5633041
31.16, 5630680
40.02, 5621728
73.91, 5598741
73.99, 5597151
88.7, 5563176
88.98, 5561586
211.89, 5554997
224.16, 5548259
257.5, 5545898
328.88, 5543940
