0.0, 1524756
1.37, 1522270
1.42, 1517476
1.43, 1516887
1.46, 1515798
1.51, 1515002
1.52, 1514553
1.52, 1514327
1.62, 1503191
1.64, 1492236
1.66, 1491493
1.66, 1491135
1.69, 1489919
1.69, 1475280
1.7, 1471949
1.77, 1468957
1.81, 1468048
1.81, 1466983
1.82, 1466596
1.86, 1466581
1.86, 1464523
1.92, 1464442
1.93, 1430527
1.94, 1408262
1.96, 1407084
1.96, 1399322
1.99, 1389412
1.99, 1386903
2.01, 1345220
2.01, 1342110
2.04, 1338468
2.08, 1337511
2.08, 1337471
2.12, 1336488
2.12, 1331404
2.3, 1330061
2.38, 1328117
2.47, 1325945
2.53, 1324370
2.59, 1322714
2.6, 1310330
2.72, 1309045
2.76, 1305850
2.91, 1305677
3.44, 1305488
3.52, 1305219
