0.08, 1424264
1.62, 1419944
1.69, 1414558
1.76, 1414175
1.79, 1413979
1.81, 1410404
1.84, 1409895
1.86, 1396784
2.17, 1386271
2.25, 1385203
2.26, 1379132
2.29, 1378259
2.37, 1378081
2.41, 1377987
2.46, 1373270
2.48, 1356021
2.53, 1351082
2.59, 1349909
2.62, 1349184
2.65, 1348593
2.69, 1348411
2.72, 1348243
2.73, 1347096
2.75, 1343874
2.76, 1334460
2.78, 1333772
2.85, 1332642
2.93, 1332420
2.96, 1332187
3.03, 1330252
3.07, 1327151
3.09, 1326739
3.19, 1323635
3.28, 1323209
3.31, 1322392
3.39, 1319365
3.42, 1310780
3.47, 1307598
3.53, 1304660
3.56, 1303682
3.58, 1302293
3.59, 1300220
4.32, 1298364
4.4, 1297845
4.49, 1297035
4.74, 1295835
