0.0, 1510214
1.82, 1509569
1.83, 1504802
1.83, 1503540
1.85, 1502525
1.86, 1499927
1.86, 1496026
1.87, 1492529
1.89, 1491473
1.9, 1487580
1.91, 1480076
1.92, 1475759
1.92, 1474880
1.92, 1474122
1.93, 1467937
1.94, 1459851
1.94, 1459809
1.96, 1457942
1.96, 1445901
1.96, 1445601
1.96, 1443598
1.99, 1436749
2.0, 1436153
2.02, 1434039
2.05, 1433633
2.08, 1426623
2.08, 1420190
2.08, 1418340
2.15, 1418171
2.15, 1414288
2.15, 1379965
2.19, 1375197
2.22, 1373460
2.27, 1372175
2.27, 1370786
2.31, 1369760
2.35, 1364208
2.43, 1363742
2.46, 1355808
2.47, 1348396
2.49, 1341422
2.51, 1338870
2.51, 1337455
2.51, 1335449
2.54, 1334350
2.56, 1332642
2.57, 1331705
2.63, 1326575
2.73, 1325622
2.8, 1323883
2.81, 1318324
2.98, 1312965
3.04, 1311587
3.08, 1307716
3.16, 1297456
3.2, 1293893
3.21, 1293733
3.23, 1293661
3.39, 1293643
3.49, 1292796
3.51, 1291783
3.54, 1285006
3.55, 1281935
3.63, 1279273
3.69, 1266895
3.74, 1263998
3.74, 1263164
3.74, 1260811
3.81, 1258786
3.81, 1254284
3.83, 1253282
3.9, 1251732
3.9, 1251222
3.92, 1250204
3.95, 1249971
4.31, 1249144
4.38, 1245225
4.48, 1245106
4.99, 1245032
5.4, 1244109
6.39, 1243262
