0.18, 2220961
1.7, 2031207
2.27, 1861710
2.83, 1739545
3.35, 1666542
3.86, 1633831
4.36, 1584577
4.86, 1558234
5.39, 1538918
5.92, 1522297
6.42, 1508296
6.93, 1500144
7.44, 1490831
7.96, 1475145
8.46, 1468752
8.95, 1462421
9.48, 1456649
9.98, 1452242
10.52, 1448088
11.03, 1444080
11.55, 1440554
12.03, 1438258
12.55, 1434895
13.07, 1432929
13.58, 1431052
14.11, 1429958
14.6, 1428978
15.14, 1427999
15.64, 1427088
16.17, 1426282
16.71, 1425557
17.21, 1425059
17.74, 1424715
18.27, 1424395
18.78, 1424153
27.93, 1423899
28.46, 1423834
