0.0, 2070849
0.44, 1910060
0.65, 1768730
0.85, 1675524
1.06, 1657588
1.26, 1640967
1.47, 1624430
1.68, 1614287
1.89, 1598340
2.09, 1590933
2.3, 1581878
2.5, 1575565
2.7, 1569993
2.91, 1564888
3.11, 1542532
3.31, 1501102
3.52, 1488006
3.72, 1483599
3.93, 1480073
4.13, 1477065
4.34, 1474260
4.54, 1472704
4.75, 1471397
4.95, 1470320
5.16, 1469340
5.36, 1468616
5.57, 1468163
5.77, 1467820
5.98, 1467499
6.18, 1467297
6.39, 1466909
6.59, 1466639
6.8, 1466022
7.0, 1462942
7.21, 1461215
7.42, 1459672
7.62, 1459174
9.9, 1458920
10.11, 1458855
