0.01, 2040232
2.36, 2020061
2.41, 2015528
2.41, 1990474
2.5, 1990218
2.52, 1989653
2.55, 1989032
2.57, 1979295
2.75, 1978311
2.79, 1971814
2.86, 1970189
2.88, 1969273
2.92, 1967586
2.95, 1961110
3.06, 1960794
3.1, 1950839
3.11, 1949136
3.22, 1946616
3.26, 1946479
3.31, 1940883
3.33, 1936115
3.49, 1932686
3.64, 1929082
3.92, 1929047
4.08, 1928955
4.11, 1927476
4.13, 1920591
4.3, 1919264
4.71, 1919189
6.22, 1919129
6.79, 1919042
6.9, 1917252
7.09, 1916389
8.34, 1915908
8.53, 1915577
8.88, 1915413
9.48, 1915387
