0.0, 2040232
1.16, 1832846
1.67, 1760437
2.18, 1713662
2.69, 1666146
3.21, 1635910
3.73, 1614227
4.24, 1587683
4.74, 1568644
5.25, 1549364
5.78, 1532743
6.33, 1519834
6.85, 1510788
7.56, 1502140
8.07, 1495955
8.6, 1491211
9.1, 1486804
9.66, 1482776
10.51, 1426811
11.03, 1420417
11.56, 1416892
12.06, 1414120
12.57, 1412155
13.11, 1411061
13.64, 1410081
14.17, 1409274
14.67, 1408467
15.18, 1407743
15.7, 1407035
16.24, 1406692
16.75, 1406372
17.26, 1406104
17.77, 1405482
18.29, 1405111
18.77, 1404909
19.46, 1403502
19.99, 1401885
20.51, 1399143
21.02, 1398048
21.53, 1398001
24.35, 1397624
24.89, 1394765
25.41, 1393813
25.92, 1393315
31.27, 1393061
31.79, 1392996
