0.0, 2220961
1.59, 2214600
1.6, 2210956
1.6, 2205873
1.68, 2200979
1.69, 2200451
1.69, 2193139
1.7, 2193031
1.74, 2190404
1.79, 2190139
1.8, 2187526
1.84, 2186459
1.87, 2186332
1.92, 2184188
1.94, 2183879
1.96, 2182266
1.97, 2180737
1.97, 2180710
1.99, 2171809
1.99, 2171396
1.99, 2169458
2.04, 2169421
2.05, 2168831
2.08, 2167540
2.08, 2167376
2.15, 2165860
2.21, 2160139
2.27, 2154639
2.27, 2154544
2.29, 2145860
2.3, 2145850
2.39, 2145807
2.41, 2145716
2.5, 2137231
2.53, 2136450
2.55, 2135522
2.56, 2135429
2.59, 2127971
2.6, 2127968
2.6, 2127864
2.64, 2127196
2.7, 2121325
2.74, 2120929
2.74, 2120283
2.81, 2120126
2.81, 2118824
2.89, 2118702
2.93, 2117834
2.97, 2112424
2.97, 2112371
3.17, 2111435
3.17, 2111352
3.17, 2110542
3.39, 2102973
3.41, 2101191
3.41, 2100738
3.66, 2099511
3.67, 2099036
4.0, 2098805
5.59, 2094037
