0.02, 1952401
1.22, 1838340
1.72, 1743431
2.26, 1681660
2.79, 1665039
3.3, 1651171
3.82, 1586236
4.32, 1563345
4.86, 1554057
5.37, 1543649
5.91, 1535742
6.4, 1527056
6.89, 1520268
7.65, 1513186
8.15, 1506578
8.67, 1501511
9.19, 1496795
9.7, 1491990
10.41, 1487583
10.93, 1483989
11.46, 1480463
11.97, 1478516
12.48, 1477536
13.0, 1476812
13.56, 1476212
14.08, 1475869
14.59, 1475549
15.09, 1475372
15.61, 1475315
16.14, 1475035
16.62, 1474993
17.16, 1474971
17.68, 1473625
18.17, 1472034
18.7, 1471641
19.46, 1467769
29.68, 1467516
30.21, 1467450
