0.01, 1952401
2.8, 1947231
2.8, 1942293
2.84, 1939647
2.95, 1938937
2.98, 1938781
3.0, 1936765
3.12, 1933310
3.27, 1931752
3.52, 1929024
3.56, 1909248
3.7, 1905983
3.77, 1905641
4.15, 1897302
4.17, 1896312
4.17, 1895971
4.41, 1895026
4.43, 1893160
4.43, 1890610
4.55, 1890513
4.55, 1888037
4.65, 1886959
4.68, 1884169
4.89, 1883839
4.89, 1844091
4.92, 1842492
4.93, 1841941
4.95, 1841938
4.98, 1838034
5.01, 1830400
5.02, 1827322
5.09, 1827229
5.22, 1826578
5.32, 1810347
5.84, 1806565
5.87, 1806501
6.28, 1805694
