0.0, 1960011
1.17, 1849286
1.67, 1742554
2.19, 1647997
2.69, 1596406
3.2, 1579785
3.73, 1569028
4.24, 1559257
4.75, 1549926
5.24, 1541598
5.74, 1536281
6.23, 1531021
6.71, 1526527
7.41, 1522119
7.94, 1518594
8.46, 1515928
8.98, 1513706
9.51, 1511250
10.24, 1510160
10.74, 1509147
11.25, 1508167
11.79, 1507443
12.31, 1506832
12.8, 1506233
13.3, 1505686
13.82, 1505205
14.34, 1504861
14.87, 1504541
15.36, 1504342
15.87, 1499236
16.39, 1486704
16.93, 1435210
17.42, 1425689
17.95, 1425579
18.46, 1424169
24.22, 1423916
24.76, 1423851
