0.04, 1886356
1.42, 1787650
2.0, 1723716
2.54, 1670847
3.07, 1650405
3.62, 1627511
4.15, 1610890
4.66, 1595386
5.17, 1581968
5.7, 1570872
6.21, 1557191
6.7, 1548919
7.23, 1544511
7.75, 1540207
8.25, 1536682
8.84, 1534386
9.34, 1532238
9.87, 1530228
10.39, 1528367
10.89, 1524240
11.41, 1489544
11.93, 1487854
12.45, 1486254
12.97, 1484844
13.5, 1481302
14.03, 1480322
14.54, 1479579
15.07, 1478855
15.61, 1478225
16.11, 1477881
16.62, 1477561
17.14, 1477451
17.65, 1477246
18.17, 1477041
18.67, 1476344
19.19, 1473079
24.34, 1472826
24.85, 1472761
