0.0, 212287
1.39, 211798
1.4, 211739
1.4, 211527
1.42, 210196
1.43, 210187
1.44, 209431
1.46, 208731
1.48, 208532
1.48, 208095
1.49, 207811
1.5, 207604
1.54, 207341
1.61, 207132
1.61, 206966
1.64, 206907
1.73, 206491
1.74, 206242
1.76, 206138
1.79, 205917
1.79, 204701
1.85, 202973
1.86, 202924
1.97, 202627
2.04, 202497
2.07, 202417
2.1, 202154
2.15, 201969
2.23, 201212
2.32, 201108
2.32, 200610
2.36, 198557
2.39, 198185
2.4, 198105
2.43, 198068
2.66, 197356
2.67, 196969
2.69, 196760
2.7, 196261
2.87, 195430
2.98, 194886
3.1, 192840
3.14, 192515
3.2, 191462
3.28, 191139
3.35, 190976
3.4, 190851
3.42, 189153
3.49, 188960
3.59, 187940
3.96, 187704
4.13, 187459
4.18, 186403
4.71, 186275
5.74, 185991
5.82, 185269
