0.0, 207612
0.69, 207382
1.26, 199632
1.72, 193767
2.2, 188508
2.71, 184261
3.16, 180267
3.91, 175825
4.43, 173855
4.93, 171331
5.46, 168969
6.02, 166650
6.54, 164559
7.04, 162918
7.58, 161407
8.06, 160084
8.57, 159010
9.03, 157955
9.53, 156906
9.99, 155966
10.49, 155041
11.0, 154268
11.51, 153548
12.01, 153090
12.69, 152826
13.2, 152574
13.7, 152472
14.2, 152380
14.67, 152322
15.15, 152282
15.88, 151697
16.35, 151587
16.85, 151253
17.35, 151183
17.87, 151155
18.89, 151047
385.05, 151028
385.52, 150970
386.01, 150931
386.5, 150903
