0.0, 208462
0.93, 206858
0.97, 206685
1.0, 206327
1.01, 205716
1.01, 205580
1.06, 205475
1.1, 203879
1.1, 202719
1.11, 202669
1.11, 202659
1.15, 201860
1.15, 201785
1.16, 201782
1.19, 201663
1.2, 201494
1.22, 201097
1.22, 200199
1.22, 198727
1.23, 198442
1.28, 198224
1.29, 198166
1.38, 198112
1.41, 197119
1.44, 193940
1.47, 193291
1.48, 192898
1.48, 192296
1.48, 192070
1.5, 191763
1.51, 191219
1.52, 190752
1.55, 189346
1.59, 188981
1.62, 188057
1.65, 186660
1.74, 186403
1.83, 184490
1.84, 184216
1.85, 183755
1.92, 183710
1.95, 182769
2.02, 182026
2.14, 180643
2.14, 180459
2.32, 180302
2.35, 180146
2.8, 180144
2.99, 179200
3.08, 178967
3.12, 178960
3.12, 178634
3.14, 177168
3.23, 174650
3.44, 174522
3.59, 174398
3.63, 173965
4.19, 173469
4.34, 173320
4.4, 173129
4.43, 172902
4.69, 171928
5.1, 171005
