0.05, 213484
0.83, 213228
0.87, 212496
0.88, 211852
0.88, 211601
0.88, 211568
0.89, 211540
0.95, 210642
1.0, 210394
1.0, 210378
1.0, 210369
1.04, 210044
1.05, 209285
1.06, 209150
1.06, 209052
1.06, 208922
1.1, 208907
1.12, 208669
1.14, 208618
1.14, 207705
1.16, 207141
1.16, 205962
1.16, 205092
1.28, 204581
1.28, 204455
1.31, 204317
1.34, 204140
1.35, 204139
1.38, 203996
1.44, 203633
1.45, 201702
1.51, 201620
1.53, 201338
1.54, 200279
1.74, 199836
1.77, 199693
1.79, 199659
1.8, 199082
1.8, 197640
1.81, 197368
1.84, 196980
1.89, 196855
1.98, 195772
1.99, 195346
2.01, 195068
2.02, 194938
2.06, 194253
2.1, 193570
2.1, 193426
2.25, 192598
2.27, 192521
2.29, 192454
2.29, 192159
2.34, 191539
2.35, 191015
2.38, 190638
2.41, 189238
2.43, 189009
2.44, 188993
2.47, 188681
2.5, 188344
2.58, 188292
2.63, 188169
2.63, 188039
2.94, 187773
3.03, 187721
3.09, 187472
3.13, 186831
3.34, 186671
3.41, 185537
3.41, 185490
3.43, 185100
3.43, 184960
3.71, 184132
3.84, 184048
3.91, 183704
4.02, 183262
4.09, 182540
4.18, 181553
4.27, 181235
4.3, 181138
4.52, 181060
4.53, 180904
4.69, 180779
4.75, 180601
4.79, 179733
4.79, 178620
4.97, 178375
4.98, 177427
5.16, 177173
5.18, 177143
5.21, 177015
5.32, 175911
5.78, 175691
6.56, 172785
7.38, 172751
7.46, 172017
9.87, 171932
10.52, 171819
