0.01, 214808
0.42, 214683
0.42, 214384
0.43, 214217
0.43, 213297
0.45, 213224
0.46, 212786
0.46, 212474
0.46, 211782
0.46, 211727
0.47, 210574
0.47, 210450
0.48, 210208
0.48, 210005
0.48, 209834
0.5, 209743
0.5, 208796
0.5, 205955
0.51, 205914
0.52, 205583
0.54, 205400
0.55, 204282
0.55, 201885
0.56, 201746
0.58, 200406
0.6, 199952
0.61, 199272
0.61, 196754
0.62, 195282
0.62, 194632
0.62, 194111
0.64, 194024
0.64, 193050
0.64, 188779
0.67, 187854
0.69, 187771
0.7, 187486
0.71, 187346
0.72, 187200
0.72, 186719
0.73, 186651
0.74, 185852
0.74, 185700
0.76, 184927
0.76, 184136
0.78, 183582
0.79, 182862
0.79, 181433
0.81, 180881
0.85, 180387
0.86, 180184
0.94, 179858
0.94, 179725
0.97, 179620
0.97, 179314
1.01, 178028
1.01, 177770
1.11, 177637
1.21, 177253
1.24, 177250
1.24, 176495
1.25, 176447
1.25, 175583
1.3, 174620
1.31, 173930
1.34, 173809
1.36, 173053
1.36, 172947
1.4, 172684
1.42, 172681
1.44, 172395
1.52, 172108
1.54, 171938
1.62, 171688
1.69, 171076
1.71, 170875
1.94, 170653
1.98, 170580
1.99, 170090
2.03, 169829
2.15, 169651
2.26, 169570
2.54, 169550
2.75, 169287
2.76, 169116
3.03, 168770
