0.0, 223665
0.5, 221521
0.5, 221409
0.5, 220485
0.5, 220220
0.5, 219811
0.53, 218199
0.53, 217418
0.53, 216900
0.53, 214978
0.53, 212838
0.54, 211298
0.54, 210614
0.57, 209824
0.57, 209429
0.57, 206951
0.57, 204609
0.58, 204605
0.6, 202134
0.6, 201177
0.6, 199949
0.61, 199152
0.61, 198712
0.61, 198511
0.61, 198480
0.63, 197458
0.63, 197442
0.64, 197233
0.64, 196248
0.65, 195935
0.65, 195661
0.68, 195150
0.68, 195085
0.69, 195084
0.69, 194019
0.69, 192713
0.72, 192694
0.75, 192671
0.75, 192560
0.81, 191996
0.82, 191771
0.82, 191400
0.84, 191224
0.84, 190819
0.85, 190458
0.88, 187956
0.88, 187386
0.88, 186897
0.88, 186896
0.89, 182184
0.9, 181923
0.91, 181815
0.92, 179791
0.94, 179266
0.99, 178855
1.0, 178002
1.0, 176992
1.05, 176920
1.06, 176919
1.08, 176551
1.09, 175885
1.09, 175609
1.14, 175560
1.16, 173152
1.19, 173092
1.19, 172395
1.24, 172385
1.29, 172260
1.31, 171913
1.37, 171502
1.41, 171000
1.44, 170720
1.47, 169984
1.56, 169659
1.67, 168855
1.92, 168622
1.97, 168595
2.19, 168502
2.21, 168415
2.24, 167981
2.35, 167968
2.49, 167712
3.09, 167693
3.47, 167690
3.72, 167644
3.81, 167552
3.95, 166952
