0.01, 207612
1.65, 207568
1.68, 205609
1.8, 205543
1.82, 205414
1.87, 205229
1.91, 204953
1.99, 204229
2.01, 204112
2.02, 204103
2.1, 204034
2.12, 203856
2.16, 203849
2.18, 203728
2.22, 203664
2.25, 203655
2.27, 203509
2.36, 203475
2.47, 203440
2.64, 203410
2.75, 202904
3.07, 202714
3.38, 202529
3.73, 202428
3.97, 200835
4.07, 200830
4.17, 200789
4.28, 200356
5.32, 200303
5.37, 200192
5.44, 200108
5.74, 199883
6.56, 199853
6.61, 199667
6.7, 199309
6.83, 199282
6.91, 199241
7.01, 199116
7.05, 198388
7.15, 197990
7.16, 197167
7.16, 197014
7.41, 195880
8.18, 195696
8.6, 195439
