0.02, 218397
0.63, 218166
1.11, 204850
1.61, 198118
2.08, 191416
2.77, 186323
3.24, 182378
3.72, 178889
4.19, 176919
4.63, 174395
5.11, 172061
5.62, 170047
6.08, 168096
6.58, 166475
7.05, 164965
7.55, 163629
7.99, 162521
8.49, 161348
8.95, 160292
9.43, 159260
9.9, 158209
10.37, 157284
10.84, 156713
11.31, 156241
11.98, 155163
12.49, 152917
12.96, 152459
13.43, 152195
13.87, 151944
14.35, 151886
15.0, 151858
27.09, 151621
27.56, 151563
28.0, 151535
29.36, 150604
29.85, 150552
31.82, 150104
32.31, 149818
32.93, 149348
33.39, 149320
