17.92, 692493
17.92, 691452
17.92, 690731
17.92, 690144
17.92, 687267
17.93, 687092
17.95, 685530
17.97, 684967
17.97, 682101
17.98, 681930
17.98, 681927
17.98, 679062
18.03, 676642
18.03, 676472
18.03, 676293
18.03, 673427
22.46, 672098
22.47, 671927
22.48, 669059
22.59, 666639
22.59, 666469
22.6, 663424
29.4, 662767
29.41, 659730
38.84, 657449
39.94, 657278
45.52, 656939
45.52, 654647
68.39, 653991
68.96, 653554
68.96, 653383
68.97, 651101
68.97, 651090
69.06, 650650
69.06, 648357
201.82, 647707
206.16, 647537
244.51, 646136
313.96, 644377
588.72, 643037
