0.0, 218397
0.68, 217410
0.68, 217343
0.68, 214746
0.69, 214100
0.69, 213881
0.69, 213236
0.7, 211891
0.71, 211351
0.71, 211203
0.71, 211005
0.72, 206289
0.72, 205965
0.73, 204374
0.73, 204174
0.77, 203873
0.77, 200910
0.78, 200579
0.8, 200324
0.83, 200155
0.83, 199893
0.84, 198418
0.84, 198290
0.87, 194698
0.87, 193427
0.9, 193045
0.91, 192377
0.92, 191376
0.92, 189230
0.93, 187854
0.96, 187673
1.0, 186647
1.0, 185866
1.0, 185609
1.0, 185540
1.01, 185208
1.01, 183828
1.06, 183694
1.06, 183212
1.11, 182994
1.21, 181064
1.24, 180470
1.27, 180384
1.31, 178409
1.34, 178112
1.34, 177404
1.35, 177373
1.35, 177317
1.35, 176712
1.44, 175309
1.59, 173986
1.6, 173925
1.66, 173219
1.72, 172879
1.75, 172609
1.78, 171273
1.89, 170726
1.99, 170506
2.23, 169986
2.34, 169741
2.52, 169531
2.73, 169255
2.73, 169073
2.87, 169054
2.9, 168235
2.93, 168124
2.97, 168062
3.19, 167495
3.34, 166940
3.37, 166284
3.48, 166127
3.59, 165357
4.05, 165355
4.79, 163892
