0.23, 207402
1.0, 206740
1.02, 206699
1.02, 205924
1.04, 205683
1.05, 205655
1.06, 204855
1.1, 203975
1.11, 203947
1.12, 203924
1.13, 203857
1.14, 203750
1.15, 203481
1.15, 203076
1.17, 203026
1.18, 202047
1.18, 201156
1.2, 200944
1.2, 199876
1.2, 199795
1.23, 199649
1.24, 198375
1.26, 197863
1.26, 197631
1.33, 197404
1.34, 196267
1.36, 196039
1.42, 195404
1.44, 194745
1.5, 193709
1.51, 193487
1.52, 192356
1.53, 191985
1.58, 190545
1.58, 190280
1.59, 190068
1.6, 189770
1.62, 189760
1.7, 188765
1.7, 188569
1.7, 188220
1.77, 187560
1.78, 187311
1.79, 187218
1.81, 186884
1.81, 186866
1.85, 186167
1.87, 185773
1.87, 185317
1.88, 185240
1.88, 184879
1.9, 184847
1.92, 184719
1.93, 184683
1.93, 183753
1.97, 183403
2.01, 183334
2.04, 182771
2.1, 181481
2.1, 181412
2.16, 181165
2.17, 180904
2.24, 180893
2.35, 179779
2.36, 179333
2.37, 178537
2.46, 178296
2.48, 178261
2.49, 177500
2.56, 176821
2.6, 176565
2.73, 176168
2.82, 176133
2.85, 176044
2.99, 175951
3.05, 175616
3.61, 175158
3.62, 175125
4.01, 174861
