0.13, 214056
1.11, 213729
1.12, 213050
1.12, 212746
1.15, 211436
1.18, 210656
1.18, 210480
1.19, 209407
1.25, 209079
1.33, 208484
1.43, 208292
1.45, 207002
1.45, 206841
1.45, 206613
1.46, 203618
1.47, 203083
1.48, 202501
1.48, 201028
1.49, 200935
1.5, 200432
1.52, 199872
1.53, 199510
1.53, 198625
1.54, 198341
1.57, 193654
1.57, 193346
1.61, 193272
1.61, 193043
1.64, 192589
1.64, 190124
1.66, 189448
1.7, 189341
1.7, 189341
1.83, 189184
1.83, 187525
1.83, 186089
1.84, 185126
1.85, 184462
1.88, 183736
1.88, 183044
1.89, 182371
1.93, 180962
1.95, 180676
1.95, 180325
1.97, 179075
1.97, 178080
1.98, 177995
1.98, 177415
2.03, 177402
2.07, 176918
2.08, 176266
2.19, 176140
2.26, 174909
2.26, 174693
2.28, 174636
2.38, 171415
2.61, 171101
2.97, 170804
2.98, 170312
3.0, 169750
3.11, 169004
3.22, 168309
3.23, 167341
3.32, 167109
3.32, 166169
3.41, 166149
3.6, 165914
3.72, 165805
3.76, 165492
3.84, 165416
3.98, 165358
4.0, 165326
4.64, 163739
